[2020-05-23T11:30:04,471][INFO ][o.e.e.NodeEnvironment    ] [OAd4Gv8] using [1] data paths, mounts [[/ (/dev/sda9)]], net usable_space [5.5gb], net total_space [54.9gb], types [ext4]
[2020-05-23T11:30:04,498][INFO ][o.e.e.NodeEnvironment    ] [OAd4Gv8] heap size [990.7mb], compressed ordinary object pointers [true]
[2020-05-23T11:30:04,909][INFO ][o.e.n.Node               ] [OAd4Gv8] node name derived from node ID [OAd4Gv8XRTaX2efI8tRNOw]; set [node.name] to override
[2020-05-23T11:30:04,910][INFO ][o.e.n.Node               ] [OAd4Gv8] version[6.8.6], pid[364], build[default/zip/3d9f765/2019-12-13T17:11:52.013738Z], OS[Linux/4.15.0-99-generic/amd64], JVM[Ubuntu/OpenJDK 64-Bit Server VM/11.0.7/11.0.7+10-post-Ubuntu-2ubuntu218.04]
[2020-05-23T11:30:04,910][INFO ][o.e.n.Node               ] [OAd4Gv8] JVM arguments [-Xms1g, -Xmx1g, -XX:+UseConcMarkSweepGC, -XX:CMSInitiatingOccupancyFraction=75, -XX:+UseCMSInitiatingOccupancyOnly, -Des.networkaddress.cache.ttl=60, -Des.networkaddress.cache.negative.ttl=10, -XX:+AlwaysPreTouch, -Xss1m, -Djava.awt.headless=true, -Dfile.encoding=UTF-8, -Djna.nosys=true, -XX:-OmitStackTraceInFastThrow, -Dio.netty.noUnsafe=true, -Dio.netty.noKeySetOptimization=true, -Dio.netty.recycler.maxCapacityPerThread=0, -Dlog4j.shutdownHookEnabled=false, -Dlog4j2.disable.jmx=true, -Djava.io.tmpdir=/tmp/elasticsearch-1681015573544493326, -XX:+HeapDumpOnOutOfMemoryError, -XX:HeapDumpPath=data, -XX:ErrorFile=logs/hs_err_pid%p.log, -Xlog:gc*,gc+age=trace,safepoint:file=logs/gc.log:utctime,pid,tags:filecount=32,filesize=64m, -Djava.locale.providers=COMPAT, -XX:UseAVX=2, -Des.path.home=/home/india/jio/elasticsearch-6.8.6, -Des.path.conf=/home/india/jio/elasticsearch-6.8.6/config, -Des.distribution.flavor=default, -Des.distribution.type=zip]
[2020-05-23T11:30:10,537][INFO ][o.e.p.PluginsService     ] [OAd4Gv8] loaded module [aggs-matrix-stats]
[2020-05-23T11:30:10,537][INFO ][o.e.p.PluginsService     ] [OAd4Gv8] loaded module [analysis-common]
[2020-05-23T11:30:10,537][INFO ][o.e.p.PluginsService     ] [OAd4Gv8] loaded module [ingest-common]
[2020-05-23T11:30:10,538][INFO ][o.e.p.PluginsService     ] [OAd4Gv8] loaded module [ingest-geoip]
[2020-05-23T11:30:10,538][INFO ][o.e.p.PluginsService     ] [OAd4Gv8] loaded module [ingest-user-agent]
[2020-05-23T11:30:10,538][INFO ][o.e.p.PluginsService     ] [OAd4Gv8] loaded module [lang-expression]
[2020-05-23T11:30:10,538][INFO ][o.e.p.PluginsService     ] [OAd4Gv8] loaded module [lang-mustache]
[2020-05-23T11:30:10,539][INFO ][o.e.p.PluginsService     ] [OAd4Gv8] loaded module [lang-painless]
[2020-05-23T11:30:10,539][INFO ][o.e.p.PluginsService     ] [OAd4Gv8] loaded module [mapper-extras]
[2020-05-23T11:30:10,539][INFO ][o.e.p.PluginsService     ] [OAd4Gv8] loaded module [parent-join]
[2020-05-23T11:30:10,539][INFO ][o.e.p.PluginsService     ] [OAd4Gv8] loaded module [percolator]
[2020-05-23T11:30:10,540][INFO ][o.e.p.PluginsService     ] [OAd4Gv8] loaded module [rank-eval]
[2020-05-23T11:30:10,540][INFO ][o.e.p.PluginsService     ] [OAd4Gv8] loaded module [reindex]
[2020-05-23T11:30:10,540][INFO ][o.e.p.PluginsService     ] [OAd4Gv8] loaded module [repository-url]
[2020-05-23T11:30:10,540][INFO ][o.e.p.PluginsService     ] [OAd4Gv8] loaded module [transport-netty4]
[2020-05-23T11:30:10,540][INFO ][o.e.p.PluginsService     ] [OAd4Gv8] loaded module [tribe]
[2020-05-23T11:30:10,541][INFO ][o.e.p.PluginsService     ] [OAd4Gv8] loaded module [x-pack-ccr]
[2020-05-23T11:30:10,541][INFO ][o.e.p.PluginsService     ] [OAd4Gv8] loaded module [x-pack-core]
[2020-05-23T11:30:10,541][INFO ][o.e.p.PluginsService     ] [OAd4Gv8] loaded module [x-pack-deprecation]
[2020-05-23T11:30:10,541][INFO ][o.e.p.PluginsService     ] [OAd4Gv8] loaded module [x-pack-graph]
[2020-05-23T11:30:10,542][INFO ][o.e.p.PluginsService     ] [OAd4Gv8] loaded module [x-pack-ilm]
[2020-05-23T11:30:10,542][INFO ][o.e.p.PluginsService     ] [OAd4Gv8] loaded module [x-pack-logstash]
[2020-05-23T11:30:10,542][INFO ][o.e.p.PluginsService     ] [OAd4Gv8] loaded module [x-pack-ml]
[2020-05-23T11:30:10,542][INFO ][o.e.p.PluginsService     ] [OAd4Gv8] loaded module [x-pack-monitoring]
[2020-05-23T11:30:10,542][INFO ][o.e.p.PluginsService     ] [OAd4Gv8] loaded module [x-pack-rollup]
[2020-05-23T11:30:10,543][INFO ][o.e.p.PluginsService     ] [OAd4Gv8] loaded module [x-pack-security]
[2020-05-23T11:30:10,543][INFO ][o.e.p.PluginsService     ] [OAd4Gv8] loaded module [x-pack-sql]
[2020-05-23T11:30:10,543][INFO ][o.e.p.PluginsService     ] [OAd4Gv8] loaded module [x-pack-upgrade]
[2020-05-23T11:30:10,543][INFO ][o.e.p.PluginsService     ] [OAd4Gv8] loaded module [x-pack-watcher]
[2020-05-23T11:30:10,545][INFO ][o.e.p.PluginsService     ] [OAd4Gv8] loaded plugin [analysis-icu]
[2020-05-23T11:30:17,225][INFO ][o.e.x.s.a.s.FileRolesStore] [OAd4Gv8] parsed [0] roles from file [/home/india/jio/elasticsearch-6.8.6/config/roles.yml]
[2020-05-23T11:30:18,650][INFO ][o.e.x.m.p.l.CppLogMessageHandler] [OAd4Gv8] [controller/451] [Main.cc@109] controller (64 bit): Version 6.8.6 (Build 73ed602c10c48e) Copyright (c) 2019 Elasticsearch BV
[2020-05-23T11:30:19,338][DEBUG][o.e.a.ActionModule       ] [OAd4Gv8] Using REST wrapper from plugin org.elasticsearch.xpack.security.Security
[2020-05-23T11:30:19,905][INFO ][o.e.d.DiscoveryModule    ] [OAd4Gv8] using discovery type [zen] and host providers [settings]
[2020-05-23T11:30:21,312][INFO ][o.e.n.Node               ] [OAd4Gv8] initialized
[2020-05-23T11:30:21,312][INFO ][o.e.n.Node               ] [OAd4Gv8] starting ...
[2020-05-23T11:30:21,719][INFO ][o.e.t.TransportService   ] [OAd4Gv8] publish_address {127.0.0.1:9300}, bound_addresses {[::1]:9300}, {127.0.0.1:9300}
[2020-05-23T11:30:21,821][WARN ][o.e.b.BootstrapChecks    ] [OAd4Gv8] max file descriptors [4096] for elasticsearch process is too low, increase to at least [65535]
[2020-05-23T11:30:21,822][WARN ][o.e.b.BootstrapChecks    ] [OAd4Gv8] max virtual memory areas vm.max_map_count [65530] is too low, increase to at least [262144]
[2020-05-23T11:30:24,912][INFO ][o.e.c.s.MasterService    ] [OAd4Gv8] zen-disco-elected-as-master ([0] nodes joined), reason: new_master {OAd4Gv8}{OAd4Gv8XRTaX2efI8tRNOw}{OV5kOyqsTIq00mRORdQz6Q}{127.0.0.1}{127.0.0.1:9300}{ml.machine_memory=8270282752, xpack.installed=true, ml.max_open_jobs=20, ml.enabled=true}
[2020-05-23T11:30:24,918][INFO ][o.e.c.s.ClusterApplierService] [OAd4Gv8] new_master {OAd4Gv8}{OAd4Gv8XRTaX2efI8tRNOw}{OV5kOyqsTIq00mRORdQz6Q}{127.0.0.1}{127.0.0.1:9300}{ml.machine_memory=8270282752, xpack.installed=true, ml.max_open_jobs=20, ml.enabled=true}, reason: apply cluster state (from master [master {OAd4Gv8}{OAd4Gv8XRTaX2efI8tRNOw}{OV5kOyqsTIq00mRORdQz6Q}{127.0.0.1}{127.0.0.1:9300}{ml.machine_memory=8270282752, xpack.installed=true, ml.max_open_jobs=20, ml.enabled=true} committed version [1] source [zen-disco-elected-as-master ([0] nodes joined)]])
[2020-05-23T11:30:25,036][INFO ][o.e.h.n.Netty4HttpServerTransport] [OAd4Gv8] publish_address {127.0.0.1:9200}, bound_addresses {[::1]:9200}, {127.0.0.1:9200}
[2020-05-23T11:30:25,037][INFO ][o.e.n.Node               ] [OAd4Gv8] started
[2020-05-23T11:30:27,608][WARN ][o.e.x.s.a.s.m.NativeRoleMappingStore] [OAd4Gv8] Failed to clear cache for realms [[]]
[2020-05-23T11:30:27,673][INFO ][o.e.l.LicenseService     ] [OAd4Gv8] license [c236c25a-86db-46cd-ac53-d399a75704bd] mode [basic] - valid
[2020-05-23T11:30:27,690][INFO ][o.e.g.GatewayService     ] [OAd4Gv8] recovered [9] indices into cluster_state
[2020-05-23T11:30:47,922][INFO ][o.e.c.r.a.AllocationService] [OAd4Gv8] Cluster health status changed from [RED] to [YELLOW] (reason: [shards started [[en_analyze][0]] ...]).
[2020-05-23T11:30:55,027][INFO ][o.e.c.r.a.DiskThresholdMonitor] [OAd4Gv8] low disk watermark [85%] exceeded on [OAd4Gv8XRTaX2efI8tRNOw][OAd4Gv8][/home/india/jio/elasticsearch-6.8.6/data/nodes/0] free: 5.5gb[10.1%], replicas will not be assigned to this node
[2020-05-23T11:31:25,046][INFO ][o.e.c.r.a.DiskThresholdMonitor] [OAd4Gv8] low disk watermark [85%] exceeded on [OAd4Gv8XRTaX2efI8tRNOw][OAd4Gv8][/home/india/jio/elasticsearch-6.8.6/data/nodes/0] free: 5.5gb[10.1%], replicas will not be assigned to this node
[2020-05-23T11:31:55,064][INFO ][o.e.c.r.a.DiskThresholdMonitor] [OAd4Gv8] low disk watermark [85%] exceeded on [OAd4Gv8XRTaX2efI8tRNOw][OAd4Gv8][/home/india/jio/elasticsearch-6.8.6/data/nodes/0] free: 5.5gb[10.1%], replicas will not be assigned to this node
[2020-05-23T11:32:25,077][INFO ][o.e.c.r.a.DiskThresholdMonitor] [OAd4Gv8] low disk watermark [85%] exceeded on [OAd4Gv8XRTaX2efI8tRNOw][OAd4Gv8][/home/india/jio/elasticsearch-6.8.6/data/nodes/0] free: 5.5gb[10.1%], replicas will not be assigned to this node
[2020-05-23T11:32:55,089][INFO ][o.e.c.r.a.DiskThresholdMonitor] [OAd4Gv8] low disk watermark [85%] exceeded on [OAd4Gv8XRTaX2efI8tRNOw][OAd4Gv8][/home/india/jio/elasticsearch-6.8.6/data/nodes/0] free: 5.5gb[10.1%], replicas will not be assigned to this node
[2020-05-23T11:33:25,099][INFO ][o.e.c.r.a.DiskThresholdMonitor] [OAd4Gv8] low disk watermark [85%] exceeded on [OAd4Gv8XRTaX2efI8tRNOw][OAd4Gv8][/home/india/jio/elasticsearch-6.8.6/data/nodes/0] free: 5.5gb[10.1%], replicas will not be assigned to this node
[2020-05-23T11:33:55,110][INFO ][o.e.c.r.a.DiskThresholdMonitor] [OAd4Gv8] low disk watermark [85%] exceeded on [OAd4Gv8XRTaX2efI8tRNOw][OAd4Gv8][/home/india/jio/elasticsearch-6.8.6/data/nodes/0] free: 5.5gb[10.1%], replicas will not be assigned to this node
[2020-05-23T11:34:25,121][INFO ][o.e.c.r.a.DiskThresholdMonitor] [OAd4Gv8] low disk watermark [85%] exceeded on [OAd4Gv8XRTaX2efI8tRNOw][OAd4Gv8][/home/india/jio/elasticsearch-6.8.6/data/nodes/0] free: 5.5gb[10.1%], replicas will not be assigned to this node
[2020-05-23T11:34:55,129][INFO ][o.e.c.r.a.DiskThresholdMonitor] [OAd4Gv8] low disk watermark [85%] exceeded on [OAd4Gv8XRTaX2efI8tRNOw][OAd4Gv8][/home/india/jio/elasticsearch-6.8.6/data/nodes/0] free: 5.5gb[10.1%], replicas will not be assigned to this node
[2020-05-23T11:35:25,140][INFO ][o.e.c.r.a.DiskThresholdMonitor] [OAd4Gv8] low disk watermark [85%] exceeded on [OAd4Gv8XRTaX2efI8tRNOw][OAd4Gv8][/home/india/jio/elasticsearch-6.8.6/data/nodes/0] free: 5.5gb[10.1%], replicas will not be assigned to this node
[2020-05-23T11:35:55,150][INFO ][o.e.c.r.a.DiskThresholdMonitor] [OAd4Gv8] low disk watermark [85%] exceeded on [OAd4Gv8XRTaX2efI8tRNOw][OAd4Gv8][/home/india/jio/elasticsearch-6.8.6/data/nodes/0] free: 5.5gb[10.1%], replicas will not be assigned to this node
[2020-05-23T11:36:25,159][INFO ][o.e.c.r.a.DiskThresholdMonitor] [OAd4Gv8] low disk watermark [85%] exceeded on [OAd4Gv8XRTaX2efI8tRNOw][OAd4Gv8][/home/india/jio/elasticsearch-6.8.6/data/nodes/0] free: 5.5gb[10.1%], replicas will not be assigned to this node
[2020-05-23T11:36:55,172][INFO ][o.e.c.r.a.DiskThresholdMonitor] [OAd4Gv8] low disk watermark [85%] exceeded on [OAd4Gv8XRTaX2efI8tRNOw][OAd4Gv8][/home/india/jio/elasticsearch-6.8.6/data/nodes/0] free: 5.5gb[10.1%], replicas will not be assigned to this node
[2020-05-23T11:37:25,183][INFO ][o.e.c.r.a.DiskThresholdMonitor] [OAd4Gv8] low disk watermark [85%] exceeded on [OAd4Gv8XRTaX2efI8tRNOw][OAd4Gv8][/home/india/jio/elasticsearch-6.8.6/data/nodes/0] free: 5.5gb[10.1%], replicas will not be assigned to this node
[2020-05-23T11:37:55,196][INFO ][o.e.c.r.a.DiskThresholdMonitor] [OAd4Gv8] low disk watermark [85%] exceeded on [OAd4Gv8XRTaX2efI8tRNOw][OAd4Gv8][/home/india/jio/elasticsearch-6.8.6/data/nodes/0] free: 5.5gb[10.1%], replicas will not be assigned to this node
[2020-05-23T11:38:25,206][INFO ][o.e.c.r.a.DiskThresholdMonitor] [OAd4Gv8] low disk watermark [85%] exceeded on [OAd4Gv8XRTaX2efI8tRNOw][OAd4Gv8][/home/india/jio/elasticsearch-6.8.6/data/nodes/0] free: 5.5gb[10.1%], replicas will not be assigned to this node
[2020-05-23T11:38:55,214][INFO ][o.e.c.r.a.DiskThresholdMonitor] [OAd4Gv8] low disk watermark [85%] exceeded on [OAd4Gv8XRTaX2efI8tRNOw][OAd4Gv8][/home/india/jio/elasticsearch-6.8.6/data/nodes/0] free: 5.5gb[10.1%], replicas will not be assigned to this node
[2020-05-23T11:39:25,221][INFO ][o.e.c.r.a.DiskThresholdMonitor] [OAd4Gv8] low disk watermark [85%] exceeded on [OAd4Gv8XRTaX2efI8tRNOw][OAd4Gv8][/home/india/jio/elasticsearch-6.8.6/data/nodes/0] free: 5.5gb[10.1%], replicas will not be assigned to this node
[2020-05-23T11:39:55,228][INFO ][o.e.c.r.a.DiskThresholdMonitor] [OAd4Gv8] low disk watermark [85%] exceeded on [OAd4Gv8XRTaX2efI8tRNOw][OAd4Gv8][/home/india/jio/elasticsearch-6.8.6/data/nodes/0] free: 5.5gb[10.1%], replicas will not be assigned to this node
[2020-05-23T11:40:25,236][INFO ][o.e.c.r.a.DiskThresholdMonitor] [OAd4Gv8] low disk watermark [85%] exceeded on [OAd4Gv8XRTaX2efI8tRNOw][OAd4Gv8][/home/india/jio/elasticsearch-6.8.6/data/nodes/0] free: 5.5gb[10.1%], replicas will not be assigned to this node
[2020-05-23T11:40:55,240][INFO ][o.e.c.r.a.DiskThresholdMonitor] [OAd4Gv8] low disk watermark [85%] exceeded on [OAd4Gv8XRTaX2efI8tRNOw][OAd4Gv8][/home/india/jio/elasticsearch-6.8.6/data/nodes/0] free: 5.5gb[10.1%], replicas will not be assigned to this node
[2020-05-23T11:41:25,243][INFO ][o.e.c.r.a.DiskThresholdMonitor] [OAd4Gv8] low disk watermark [85%] exceeded on [OAd4Gv8XRTaX2efI8tRNOw][OAd4Gv8][/home/india/jio/elasticsearch-6.8.6/data/nodes/0] free: 5.5gb[10.1%], replicas will not be assigned to this node
[2020-05-23T11:41:55,272][INFO ][o.e.c.r.a.DiskThresholdMonitor] [OAd4Gv8] low disk watermark [85%] exceeded on [OAd4Gv8XRTaX2efI8tRNOw][OAd4Gv8][/home/india/jio/elasticsearch-6.8.6/data/nodes/0] free: 5.5gb[10.1%], replicas will not be assigned to this node
[2020-05-23T11:42:25,277][INFO ][o.e.c.r.a.DiskThresholdMonitor] [OAd4Gv8] low disk watermark [85%] exceeded on [OAd4Gv8XRTaX2efI8tRNOw][OAd4Gv8][/home/india/jio/elasticsearch-6.8.6/data/nodes/0] free: 5.5gb[10.1%], replicas will not be assigned to this node
[2020-05-23T11:42:55,282][INFO ][o.e.c.r.a.DiskThresholdMonitor] [OAd4Gv8] low disk watermark [85%] exceeded on [OAd4Gv8XRTaX2efI8tRNOw][OAd4Gv8][/home/india/jio/elasticsearch-6.8.6/data/nodes/0] free: 5.5gb[10.1%], replicas will not be assigned to this node
[2020-05-23T11:43:25,288][INFO ][o.e.c.r.a.DiskThresholdMonitor] [OAd4Gv8] low disk watermark [85%] exceeded on [OAd4Gv8XRTaX2efI8tRNOw][OAd4Gv8][/home/india/jio/elasticsearch-6.8.6/data/nodes/0] free: 5.5gb[10.1%], replicas will not be assigned to this node
[2020-05-23T11:43:55,292][INFO ][o.e.c.r.a.DiskThresholdMonitor] [OAd4Gv8] low disk watermark [85%] exceeded on [OAd4Gv8XRTaX2efI8tRNOw][OAd4Gv8][/home/india/jio/elasticsearch-6.8.6/data/nodes/0] free: 5.5gb[10.1%], replicas will not be assigned to this node
[2020-05-23T11:44:25,296][INFO ][o.e.c.r.a.DiskThresholdMonitor] [OAd4Gv8] low disk watermark [85%] exceeded on [OAd4Gv8XRTaX2efI8tRNOw][OAd4Gv8][/home/india/jio/elasticsearch-6.8.6/data/nodes/0] free: 5.5gb[10.1%], replicas will not be assigned to this node
[2020-05-23T11:44:55,302][INFO ][o.e.c.r.a.DiskThresholdMonitor] [OAd4Gv8] low disk watermark [85%] exceeded on [OAd4Gv8XRTaX2efI8tRNOw][OAd4Gv8][/home/india/jio/elasticsearch-6.8.6/data/nodes/0] free: 5.5gb[10.1%], replicas will not be assigned to this node
[2020-05-23T11:45:25,309][INFO ][o.e.c.r.a.DiskThresholdMonitor] [OAd4Gv8] low disk watermark [85%] exceeded on [OAd4Gv8XRTaX2efI8tRNOw][OAd4Gv8][/home/india/jio/elasticsearch-6.8.6/data/nodes/0] free: 5.5gb[10.1%], replicas will not be assigned to this node
[2020-05-23T11:45:55,312][INFO ][o.e.c.r.a.DiskThresholdMonitor] [OAd4Gv8] low disk watermark [85%] exceeded on [OAd4Gv8XRTaX2efI8tRNOw][OAd4Gv8][/home/india/jio/elasticsearch-6.8.6/data/nodes/0] free: 5.5gb[10.1%], replicas will not be assigned to this node
[2020-05-23T11:46:25,315][INFO ][o.e.c.r.a.DiskThresholdMonitor] [OAd4Gv8] low disk watermark [85%] exceeded on [OAd4Gv8XRTaX2efI8tRNOw][OAd4Gv8][/home/india/jio/elasticsearch-6.8.6/data/nodes/0] free: 5.5gb[10.1%], replicas will not be assigned to this node
[2020-05-23T11:46:55,319][INFO ][o.e.c.r.a.DiskThresholdMonitor] [OAd4Gv8] low disk watermark [85%] exceeded on [OAd4Gv8XRTaX2efI8tRNOw][OAd4Gv8][/home/india/jio/elasticsearch-6.8.6/data/nodes/0] free: 5.5gb[10.1%], replicas will not be assigned to this node
[2020-05-23T11:47:25,324][INFO ][o.e.c.r.a.DiskThresholdMonitor] [OAd4Gv8] low disk watermark [85%] exceeded on [OAd4Gv8XRTaX2efI8tRNOw][OAd4Gv8][/home/india/jio/elasticsearch-6.8.6/data/nodes/0] free: 5.5gb[10.1%], replicas will not be assigned to this node
[2020-05-23T11:47:55,328][INFO ][o.e.c.r.a.DiskThresholdMonitor] [OAd4Gv8] low disk watermark [85%] exceeded on [OAd4Gv8XRTaX2efI8tRNOw][OAd4Gv8][/home/india/jio/elasticsearch-6.8.6/data/nodes/0] free: 5.5gb[10.1%], replicas will not be assigned to this node
[2020-05-23T11:48:25,335][INFO ][o.e.c.r.a.DiskThresholdMonitor] [OAd4Gv8] low disk watermark [85%] exceeded on [OAd4Gv8XRTaX2efI8tRNOw][OAd4Gv8][/home/india/jio/elasticsearch-6.8.6/data/nodes/0] free: 5.5gb[10.1%], replicas will not be assigned to this node
[2020-05-23T11:48:55,341][INFO ][o.e.c.r.a.DiskThresholdMonitor] [OAd4Gv8] low disk watermark [85%] exceeded on [OAd4Gv8XRTaX2efI8tRNOw][OAd4Gv8][/home/india/jio/elasticsearch-6.8.6/data/nodes/0] free: 5.5gb[10.1%], replicas will not be assigned to this node
[2020-05-23T11:49:25,349][INFO ][o.e.c.r.a.DiskThresholdMonitor] [OAd4Gv8] low disk watermark [85%] exceeded on [OAd4Gv8XRTaX2efI8tRNOw][OAd4Gv8][/home/india/jio/elasticsearch-6.8.6/data/nodes/0] free: 5.5gb[10.1%], replicas will not be assigned to this node
[2020-05-23T11:49:55,356][INFO ][o.e.c.r.a.DiskThresholdMonitor] [OAd4Gv8] low disk watermark [85%] exceeded on [OAd4Gv8XRTaX2efI8tRNOw][OAd4Gv8][/home/india/jio/elasticsearch-6.8.6/data/nodes/0] free: 5.5gb[10.1%], replicas will not be assigned to this node
[2020-05-23T11:50:25,363][INFO ][o.e.c.r.a.DiskThresholdMonitor] [OAd4Gv8] low disk watermark [85%] exceeded on [OAd4Gv8XRTaX2efI8tRNOw][OAd4Gv8][/home/india/jio/elasticsearch-6.8.6/data/nodes/0] free: 5.5gb[10.1%], replicas will not be assigned to this node
[2020-05-23T11:50:55,369][INFO ][o.e.c.r.a.DiskThresholdMonitor] [OAd4Gv8] low disk watermark [85%] exceeded on [OAd4Gv8XRTaX2efI8tRNOw][OAd4Gv8][/home/india/jio/elasticsearch-6.8.6/data/nodes/0] free: 5.5gb[10.1%], replicas will not be assigned to this node
[2020-05-23T11:51:25,376][INFO ][o.e.c.r.a.DiskThresholdMonitor] [OAd4Gv8] low disk watermark [85%] exceeded on [OAd4Gv8XRTaX2efI8tRNOw][OAd4Gv8][/home/india/jio/elasticsearch-6.8.6/data/nodes/0] free: 5.5gb[10.1%], replicas will not be assigned to this node
[2020-05-23T11:51:55,384][INFO ][o.e.c.r.a.DiskThresholdMonitor] [OAd4Gv8] low disk watermark [85%] exceeded on [OAd4Gv8XRTaX2efI8tRNOw][OAd4Gv8][/home/india/jio/elasticsearch-6.8.6/data/nodes/0] free: 5.5gb[10.1%], replicas will not be assigned to this node
[2020-05-23T11:52:25,389][INFO ][o.e.c.r.a.DiskThresholdMonitor] [OAd4Gv8] low disk watermark [85%] exceeded on [OAd4Gv8XRTaX2efI8tRNOw][OAd4Gv8][/home/india/jio/elasticsearch-6.8.6/data/nodes/0] free: 5.5gb[10.1%], replicas will not be assigned to this node
[2020-05-23T11:52:55,396][INFO ][o.e.c.r.a.DiskThresholdMonitor] [OAd4Gv8] low disk watermark [85%] exceeded on [OAd4Gv8XRTaX2efI8tRNOw][OAd4Gv8][/home/india/jio/elasticsearch-6.8.6/data/nodes/0] free: 5.5gb[10.1%], replicas will not be assigned to this node
[2020-05-23T11:53:25,399][INFO ][o.e.c.r.a.DiskThresholdMonitor] [OAd4Gv8] low disk watermark [85%] exceeded on [OAd4Gv8XRTaX2efI8tRNOw][OAd4Gv8][/home/india/jio/elasticsearch-6.8.6/data/nodes/0] free: 5.5gb[10.1%], replicas will not be assigned to this node
[2020-05-23T11:53:55,407][INFO ][o.e.c.r.a.DiskThresholdMonitor] [OAd4Gv8] low disk watermark [85%] exceeded on [OAd4Gv8XRTaX2efI8tRNOw][OAd4Gv8][/home/india/jio/elasticsearch-6.8.6/data/nodes/0] free: 5.5gb[10.1%], replicas will not be assigned to this node
[2020-05-23T11:54:25,413][INFO ][o.e.c.r.a.DiskThresholdMonitor] [OAd4Gv8] low disk watermark [85%] exceeded on [OAd4Gv8XRTaX2efI8tRNOw][OAd4Gv8][/home/india/jio/elasticsearch-6.8.6/data/nodes/0] free: 5.5gb[10.1%], replicas will not be assigned to this node
[2020-05-23T11:54:55,421][INFO ][o.e.c.r.a.DiskThresholdMonitor] [OAd4Gv8] low disk watermark [85%] exceeded on [OAd4Gv8XRTaX2efI8tRNOw][OAd4Gv8][/home/india/jio/elasticsearch-6.8.6/data/nodes/0] free: 5.5gb[10.1%], replicas will not be assigned to this node
[2020-05-23T11:55:25,424][INFO ][o.e.c.r.a.DiskThresholdMonitor] [OAd4Gv8] low disk watermark [85%] exceeded on [OAd4Gv8XRTaX2efI8tRNOw][OAd4Gv8][/home/india/jio/elasticsearch-6.8.6/data/nodes/0] free: 5.5gb[10.1%], replicas will not be assigned to this node
[2020-05-23T11:55:55,427][INFO ][o.e.c.r.a.DiskThresholdMonitor] [OAd4Gv8] low disk watermark [85%] exceeded on [OAd4Gv8XRTaX2efI8tRNOw][OAd4Gv8][/home/india/jio/elasticsearch-6.8.6/data/nodes/0] free: 5.5gb[10.1%], replicas will not be assigned to this node
[2020-05-23T11:56:25,431][INFO ][o.e.c.r.a.DiskThresholdMonitor] [OAd4Gv8] low disk watermark [85%] exceeded on [OAd4Gv8XRTaX2efI8tRNOw][OAd4Gv8][/home/india/jio/elasticsearch-6.8.6/data/nodes/0] free: 5.5gb[10.1%], replicas will not be assigned to this node
[2020-05-23T11:56:55,434][INFO ][o.e.c.r.a.DiskThresholdMonitor] [OAd4Gv8] low disk watermark [85%] exceeded on [OAd4Gv8XRTaX2efI8tRNOw][OAd4Gv8][/home/india/jio/elasticsearch-6.8.6/data/nodes/0] free: 5.5gb[10.1%], replicas will not be assigned to this node
[2020-05-23T11:57:25,437][INFO ][o.e.c.r.a.DiskThresholdMonitor] [OAd4Gv8] low disk watermark [85%] exceeded on [OAd4Gv8XRTaX2efI8tRNOw][OAd4Gv8][/home/india/jio/elasticsearch-6.8.6/data/nodes/0] free: 5.5gb[10.1%], replicas will not be assigned to this node
[2020-05-23T11:57:55,440][INFO ][o.e.c.r.a.DiskThresholdMonitor] [OAd4Gv8] low disk watermark [85%] exceeded on [OAd4Gv8XRTaX2efI8tRNOw][OAd4Gv8][/home/india/jio/elasticsearch-6.8.6/data/nodes/0] free: 5.5gb[10.1%], replicas will not be assigned to this node
[2020-05-23T11:58:25,444][INFO ][o.e.c.r.a.DiskThresholdMonitor] [OAd4Gv8] low disk watermark [85%] exceeded on [OAd4Gv8XRTaX2efI8tRNOw][OAd4Gv8][/home/india/jio/elasticsearch-6.8.6/data/nodes/0] free: 5.5gb[10.1%], replicas will not be assigned to this node
[2020-05-23T11:58:55,448][INFO ][o.e.c.r.a.DiskThresholdMonitor] [OAd4Gv8] low disk watermark [85%] exceeded on [OAd4Gv8XRTaX2efI8tRNOw][OAd4Gv8][/home/india/jio/elasticsearch-6.8.6/data/nodes/0] free: 5.5gb[10.1%], replicas will not be assigned to this node
[2020-05-23T11:59:25,453][INFO ][o.e.c.r.a.DiskThresholdMonitor] [OAd4Gv8] low disk watermark [85%] exceeded on [OAd4Gv8XRTaX2efI8tRNOw][OAd4Gv8][/home/india/jio/elasticsearch-6.8.6/data/nodes/0] free: 5.5gb[10.1%], replicas will not be assigned to this node
[2020-05-23T11:59:55,456][INFO ][o.e.c.r.a.DiskThresholdMonitor] [OAd4Gv8] low disk watermark [85%] exceeded on [OAd4Gv8XRTaX2efI8tRNOw][OAd4Gv8][/home/india/jio/elasticsearch-6.8.6/data/nodes/0] free: 5.5gb[10.1%], replicas will not be assigned to this node
[2020-05-23T12:00:25,461][INFO ][o.e.c.r.a.DiskThresholdMonitor] [OAd4Gv8] low disk watermark [85%] exceeded on [OAd4Gv8XRTaX2efI8tRNOw][OAd4Gv8][/home/india/jio/elasticsearch-6.8.6/data/nodes/0] free: 5.5gb[10.1%], replicas will not be assigned to this node
[2020-05-23T12:00:55,465][INFO ][o.e.c.r.a.DiskThresholdMonitor] [OAd4Gv8] low disk watermark [85%] exceeded on [OAd4Gv8XRTaX2efI8tRNOw][OAd4Gv8][/home/india/jio/elasticsearch-6.8.6/data/nodes/0] free: 5.5gb[10.1%], replicas will not be assigned to this node
[2020-05-23T12:01:25,471][INFO ][o.e.c.r.a.DiskThresholdMonitor] [OAd4Gv8] low disk watermark [85%] exceeded on [OAd4Gv8XRTaX2efI8tRNOw][OAd4Gv8][/home/india/jio/elasticsearch-6.8.6/data/nodes/0] free: 5.5gb[10.1%], replicas will not be assigned to this node
[2020-05-23T12:01:55,476][WARN ][o.e.c.r.a.DiskThresholdMonitor] [OAd4Gv8] high disk watermark [90%] exceeded on [OAd4Gv8XRTaX2efI8tRNOw][OAd4Gv8][/home/india/jio/elasticsearch-6.8.6/data/nodes/0] free: 5.4gb[9.8%], shards will be relocated away from this node
[2020-05-23T12:01:55,476][INFO ][o.e.c.r.a.DiskThresholdMonitor] [OAd4Gv8] rerouting shards: [high disk watermark exceeded on one or more nodes]
[2020-05-23T12:02:25,488][INFO ][o.e.c.r.a.DiskThresholdMonitor] [OAd4Gv8] low disk watermark [85%] exceeded on [OAd4Gv8XRTaX2efI8tRNOw][OAd4Gv8][/home/india/jio/elasticsearch-6.8.6/data/nodes/0] free: 5.5gb[10.1%], replicas will not be assigned to this node
[2020-05-23T12:02:55,493][INFO ][o.e.c.r.a.DiskThresholdMonitor] [OAd4Gv8] low disk watermark [85%] exceeded on [OAd4Gv8XRTaX2efI8tRNOw][OAd4Gv8][/home/india/jio/elasticsearch-6.8.6/data/nodes/0] free: 5.5gb[10.1%], replicas will not be assigned to this node
[2020-05-23T12:03:25,497][INFO ][o.e.c.r.a.DiskThresholdMonitor] [OAd4Gv8] low disk watermark [85%] exceeded on [OAd4Gv8XRTaX2efI8tRNOw][OAd4Gv8][/home/india/jio/elasticsearch-6.8.6/data/nodes/0] free: 5.5gb[10.1%], replicas will not be assigned to this node
[2020-05-23T12:03:55,501][INFO ][o.e.c.r.a.DiskThresholdMonitor] [OAd4Gv8] low disk watermark [85%] exceeded on [OAd4Gv8XRTaX2efI8tRNOw][OAd4Gv8][/home/india/jio/elasticsearch-6.8.6/data/nodes/0] free: 5.5gb[10.1%], replicas will not be assigned to this node
[2020-05-23T12:04:25,505][INFO ][o.e.c.r.a.DiskThresholdMonitor] [OAd4Gv8] low disk watermark [85%] exceeded on [OAd4Gv8XRTaX2efI8tRNOw][OAd4Gv8][/home/india/jio/elasticsearch-6.8.6/data/nodes/0] free: 5.5gb[10.1%], replicas will not be assigned to this node
[2020-05-23T12:04:55,512][INFO ][o.e.c.r.a.DiskThresholdMonitor] [OAd4Gv8] low disk watermark [85%] exceeded on [OAd4Gv8XRTaX2efI8tRNOw][OAd4Gv8][/home/india/jio/elasticsearch-6.8.6/data/nodes/0] free: 5.5gb[10.1%], replicas will not be assigned to this node
[2020-05-23T12:05:25,516][INFO ][o.e.c.r.a.DiskThresholdMonitor] [OAd4Gv8] low disk watermark [85%] exceeded on [OAd4Gv8XRTaX2efI8tRNOw][OAd4Gv8][/home/india/jio/elasticsearch-6.8.6/data/nodes/0] free: 5.5gb[10.1%], replicas will not be assigned to this node
[2020-05-23T12:05:55,523][INFO ][o.e.c.r.a.DiskThresholdMonitor] [OAd4Gv8] low disk watermark [85%] exceeded on [OAd4Gv8XRTaX2efI8tRNOw][OAd4Gv8][/home/india/jio/elasticsearch-6.8.6/data/nodes/0] free: 5.5gb[10.1%], replicas will not be assigned to this node
[2020-05-23T12:06:02,159][INFO ][o.e.x.m.p.NativeController] [OAd4Gv8] Native controller process has stopped - no new native processes can be started
[2020-05-23T12:06:02,161][INFO ][o.e.n.Node               ] [OAd4Gv8] stopping ...
[2020-05-23T12:06:02,203][INFO ][o.e.x.w.WatcherService   ] [OAd4Gv8] stopping watch service, reason [shutdown initiated]
[2020-05-23T12:06:02,830][INFO ][o.e.n.Node               ] [OAd4Gv8] stopped
[2020-05-23T12:06:02,830][INFO ][o.e.n.Node               ] [OAd4Gv8] closing ...
[2020-05-23T12:06:02,848][INFO ][o.e.n.Node               ] [OAd4Gv8] closed
