[2019-12-24T22:48:14,002][WARN ][o.e.d.r.a.a.i.RestPutMappingAction] [OAd4Gv8] [types removal] The parameter include_type_name should be explicitly specified in create index requests to prepare for 7.0. In 7.0 include_type_name will default to 'false', and requests are expected to omit the type name in mapping definitions.
[2019-12-24T22:48:14,016][WARN ][o.e.d.c.m.MetaDataCreateIndexService] [OAd4Gv8] the default number of shards will change from [5] to [1] in 7.0.0; if you wish to continue using the default of [5] shards, you must manage this on the create index request or with an index template
[2019-12-24T22:49:36,735][WARN ][o.e.d.c.m.MetaDataCreateIndexService] [OAd4Gv8] the default number of shards will change from [5] to [1] in 7.0.0; if you wish to continue using the default of [5] shards, you must manage this on the create index request or with an index template
[2019-12-24T23:00:44,828][WARN ][o.e.d.c.m.MetaDataCreateIndexService] [OAd4Gv8] the default number of shards will change from [5] to [1] in 7.0.0; if you wish to continue using the default of [5] shards, you must manage this on the create index request or with an index template
[2019-12-24T23:01:44,421][WARN ][o.e.d.c.m.MetaDataCreateIndexService] [OAd4Gv8] the default number of shards will change from [5] to [1] in 7.0.0; if you wish to continue using the default of [5] shards, you must manage this on the create index request or with an index template
[2019-12-24T23:02:09,912][WARN ][o.e.d.c.m.MetaDataCreateIndexService] [OAd4Gv8] the default number of shards will change from [5] to [1] in 7.0.0; if you wish to continue using the default of [5] shards, you must manage this on the create index request or with an index template
[2019-12-24T23:04:01,351][WARN ][o.e.d.c.m.MetaDataCreateIndexService] [OAd4Gv8] the default number of shards will change from [5] to [1] in 7.0.0; if you wish to continue using the default of [5] shards, you must manage this on the create index request or with an index template
[2019-12-24T23:15:45,597][WARN ][o.e.d.c.m.MetaDataCreateIndexService] [OAd4Gv8] the default number of shards will change from [5] to [1] in 7.0.0; if you wish to continue using the default of [5] shards, you must manage this on the create index request or with an index template
[2019-12-24T23:19:48,893][WARN ][o.e.d.c.m.MetaDataCreateIndexService] [OAd4Gv8] the default number of shards will change from [5] to [1] in 7.0.0; if you wish to continue using the default of [5] shards, you must manage this on the create index request or with an index template
[2019-12-24T23:27:01,496][WARN ][o.e.d.c.m.MetaDataCreateIndexService] [OAd4Gv8] the default number of shards will change from [5] to [1] in 7.0.0; if you wish to continue using the default of [5] shards, you must manage this on the create index request or with an index template
[2019-12-24T23:29:55,471][WARN ][o.e.d.c.m.MetaDataCreateIndexService] [OAd4Gv8] the default number of shards will change from [5] to [1] in 7.0.0; if you wish to continue using the default of [5] shards, you must manage this on the create index request or with an index template
[2019-12-24T23:46:03,052][WARN ][o.e.d.c.m.MetaDataCreateIndexService] [OAd4Gv8] the default number of shards will change from [5] to [1] in 7.0.0; if you wish to continue using the default of [5] shards, you must manage this on the create index request or with an index template
[2019-12-24T23:57:15,641][WARN ][o.e.d.c.m.MetaDataCreateIndexService] [OAd4Gv8] the default number of shards will change from [5] to [1] in 7.0.0; if you wish to continue using the default of [5] shards, you must manage this on the create index request or with an index template
[2019-12-24T23:57:25,516][WARN ][o.e.d.c.m.MetaDataCreateIndexService] [OAd4Gv8] the default number of shards will change from [5] to [1] in 7.0.0; if you wish to continue using the default of [5] shards, you must manage this on the create index request or with an index template
[2019-12-25T00:02:12,190][WARN ][o.e.d.c.m.MetaDataCreateIndexService] [OAd4Gv8] the default number of shards will change from [5] to [1] in 7.0.0; if you wish to continue using the default of [5] shards, you must manage this on the create index request or with an index template
[2019-12-26T13:52:55,964][WARN ][o.e.d.c.m.MetaDataCreateIndexService] [OAd4Gv8] the default number of shards will change from [5] to [1] in 7.0.0; if you wish to continue using the default of [5] shards, you must manage this on the create index request or with an index template
[2019-12-26T14:25:34,979][WARN ][o.e.d.r.a.a.i.RestGetMappingAction] [OAd4Gv8] [types removal] The parameter include_type_name should be explicitly specified in get mapping requests to prepare for 7.0. In 7.0 include_type_name will default to 'false', which means responses will omit the type name in mapping definitions.
[2019-12-26T14:57:24,386][WARN ][o.e.d.r.a.a.i.RestPutMappingAction] [OAd4Gv8] [types removal] Specifying types in put mapping requests is deprecated. To be compatible with 7.0, the mapping definition should not be nested under the type name, and the parameter include_type_name must be provided and set to false.
[2019-12-26T15:07:15,136][WARN ][o.e.d.c.m.MetaDataCreateIndexService] [OAd4Gv8] the default number of shards will change from [5] to [1] in 7.0.0; if you wish to continue using the default of [5] shards, you must manage this on the create index request or with an index template
[2019-12-26T15:13:06,029][WARN ][o.e.d.c.m.MetaDataCreateIndexService] [OAd4Gv8] the default number of shards will change from [5] to [1] in 7.0.0; if you wish to continue using the default of [5] shards, you must manage this on the create index request or with an index template
[2020-01-02T11:26:59,326][WARN ][o.e.d.r.a.a.i.RestGetIndexTemplateAction] [OAd4Gv8] [types removal] The parameter include_type_name should be explicitly specified in get template requests to prepare for 7.0. In 7.0 include_type_name will default to 'false', which means responses will omit the type name in mapping definitions.
[2020-01-02T11:27:06,189][WARN ][o.e.d.r.a.a.i.RestPutIndexTemplateAction] [OAd4Gv8] [types removal] The parameter include_type_name should be explicitly specified in put template requests to prepare for 7.0. In 7.0 include_type_name will default to 'false', and requests are expected to omit the type name in mapping definitions.
[2020-01-02T11:27:06,427][WARN ][o.e.d.a.a.i.t.p.PutIndexTemplateRequest] [OAd4Gv8] Deprecated field [template] used, replaced by [index_patterns]
[2020-01-02T11:27:25,393][WARN ][o.e.d.i.m.MapperService  ] [OAd4Gv8] [_default_] mapping is deprecated since it is not useful anymore now that indexes cannot have more than one type
[2020-01-02T11:27:32,590][WARN ][o.e.d.c.m.MetaDataCreateIndexService] [OAd4Gv8] the default number of shards will change from [5] to [1] in 7.0.0; if you wish to continue using the default of [5] shards, you must manage this on the create index request or with an index template
[2020-01-02T11:40:30,175][WARN ][o.e.d.r.a.a.i.RestGetIndicesAction] [OAd4Gv8] [types removal] The parameter include_type_name should be explicitly specified in get indices requests to prepare for 7.0. In 7.0 include_type_name will default to 'false', which means responses will omit the type name in mapping definitions.
[2020-01-02T13:18:19,137][WARN ][o.e.d.r.a.a.i.RestGetIndexTemplateAction] [OAd4Gv8] [types removal] The parameter include_type_name should be explicitly specified in get template requests to prepare for 7.0. In 7.0 include_type_name will default to 'false', which means responses will omit the type name in mapping definitions.
[2020-01-02T13:18:22,061][WARN ][o.e.d.c.m.MetaDataCreateIndexService] [OAd4Gv8] the default number of shards will change from [5] to [1] in 7.0.0; if you wish to continue using the default of [5] shards, you must manage this on the create index request or with an index template
[2020-01-02T13:21:40,385][WARN ][o.e.d.r.a.a.i.RestGetIndicesAction] [OAd4Gv8] [types removal] The parameter include_type_name should be explicitly specified in get indices requests to prepare for 7.0. In 7.0 include_type_name will default to 'false', which means responses will omit the type name in mapping definitions.
[2020-01-02T14:20:42,549][WARN ][o.e.d.r.a.a.i.RestGetIndexTemplateAction] [OAd4Gv8] [types removal] The parameter include_type_name should be explicitly specified in get template requests to prepare for 7.0. In 7.0 include_type_name will default to 'false', which means responses will omit the type name in mapping definitions.
[2020-01-02T14:35:33,130][WARN ][o.e.d.r.a.a.i.RestGetIndexTemplateAction] [OAd4Gv8] [types removal] The parameter include_type_name should be explicitly specified in get template requests to prepare for 7.0. In 7.0 include_type_name will default to 'false', which means responses will omit the type name in mapping definitions.
[2020-01-02T14:58:36,038][WARN ][o.e.d.r.a.a.i.RestGetIndexTemplateAction] [OAd4Gv8] [types removal] The parameter include_type_name should be explicitly specified in get template requests to prepare for 7.0. In 7.0 include_type_name will default to 'false', which means responses will omit the type name in mapping definitions.
[2020-01-03T10:54:22,784][WARN ][o.e.d.r.a.a.i.RestGetIndexTemplateAction] [OAd4Gv8] [types removal] The parameter include_type_name should be explicitly specified in get template requests to prepare for 7.0. In 7.0 include_type_name will default to 'false', which means responses will omit the type name in mapping definitions.
[2020-01-03T10:54:25,599][WARN ][o.e.d.c.m.MetaDataCreateIndexService] [OAd4Gv8] the default number of shards will change from [5] to [1] in 7.0.0; if you wish to continue using the default of [5] shards, you must manage this on the create index request or with an index template
[2020-01-03T10:54:25,665][WARN ][o.e.d.i.m.MapperService  ] [OAd4Gv8] [_default_] mapping is deprecated since it is not useful anymore now that indexes cannot have more than one type
[2020-01-03T11:03:36,053][WARN ][o.e.d.r.a.a.i.RestGetMappingAction] [OAd4Gv8] [types removal] The parameter include_type_name should be explicitly specified in get mapping requests to prepare for 7.0. In 7.0 include_type_name will default to 'false', which means responses will omit the type name in mapping definitions.
[2020-01-03T13:24:02,195][WARN ][o.e.d.r.a.a.i.RestPutMappingAction] [OAd4Gv8] [types removal] The parameter include_type_name should be explicitly specified in create index requests to prepare for 7.0. In 7.0 include_type_name will default to 'false', and requests are expected to omit the type name in mapping definitions.
[2020-01-03T13:24:02,196][WARN ][o.e.d.c.m.MetaDataCreateIndexService] [OAd4Gv8] the default number of shards will change from [5] to [1] in 7.0.0; if you wish to continue using the default of [5] shards, you must manage this on the create index request or with an index template
[2020-01-03T13:24:45,830][WARN ][o.e.d.c.m.MetaDataCreateIndexService] [OAd4Gv8] the default number of shards will change from [5] to [1] in 7.0.0; if you wish to continue using the default of [5] shards, you must manage this on the create index request or with an index template
[2020-01-03T13:26:13,713][WARN ][o.e.d.c.m.MetaDataCreateIndexService] [OAd4Gv8] the default number of shards will change from [5] to [1] in 7.0.0; if you wish to continue using the default of [5] shards, you must manage this on the create index request or with an index template
[2020-01-03T14:29:17,757][WARN ][o.e.d.c.m.MetaDataCreateIndexService] [OAd4Gv8] the default number of shards will change from [5] to [1] in 7.0.0; if you wish to continue using the default of [5] shards, you must manage this on the create index request or with an index template
[2020-01-03T14:33:20,930][WARN ][o.e.d.c.m.MetaDataCreateIndexService] [OAd4Gv8] the default number of shards will change from [5] to [1] in 7.0.0; if you wish to continue using the default of [5] shards, you must manage this on the create index request or with an index template
[2020-01-03T14:36:07,483][WARN ][o.e.d.c.m.MetaDataCreateIndexService] [OAd4Gv8] the default number of shards will change from [5] to [1] in 7.0.0; if you wish to continue using the default of [5] shards, you must manage this on the create index request or with an index template
[2020-01-03T14:37:20,277][WARN ][o.e.d.c.m.MetaDataCreateIndexService] [OAd4Gv8] the default number of shards will change from [5] to [1] in 7.0.0; if you wish to continue using the default of [5] shards, you must manage this on the create index request or with an index template
[2020-01-03T14:38:21,483][WARN ][o.e.d.c.m.MetaDataCreateIndexService] [OAd4Gv8] the default number of shards will change from [5] to [1] in 7.0.0; if you wish to continue using the default of [5] shards, you must manage this on the create index request or with an index template
[2020-01-03T14:46:12,245][WARN ][o.e.d.c.m.MetaDataCreateIndexService] [OAd4Gv8] the default number of shards will change from [5] to [1] in 7.0.0; if you wish to continue using the default of [5] shards, you must manage this on the create index request or with an index template
[2020-01-03T14:50:02,653][WARN ][o.e.d.c.m.MetaDataCreateIndexService] [OAd4Gv8] the default number of shards will change from [5] to [1] in 7.0.0; if you wish to continue using the default of [5] shards, you must manage this on the create index request or with an index template
[2020-01-03T14:50:32,312][WARN ][o.e.d.c.m.MetaDataCreateIndexService] [OAd4Gv8] the default number of shards will change from [5] to [1] in 7.0.0; if you wish to continue using the default of [5] shards, you must manage this on the create index request or with an index template
[2020-01-03T14:54:12,337][WARN ][o.e.d.c.m.MetaDataCreateIndexService] [OAd4Gv8] the default number of shards will change from [5] to [1] in 7.0.0; if you wish to continue using the default of [5] shards, you must manage this on the create index request or with an index template
[2020-01-03T14:57:04,494][WARN ][o.e.d.c.m.MetaDataCreateIndexService] [OAd4Gv8] the default number of shards will change from [5] to [1] in 7.0.0; if you wish to continue using the default of [5] shards, you must manage this on the create index request or with an index template
[2020-01-03T14:57:23,382][WARN ][o.e.d.c.m.MetaDataCreateIndexService] [OAd4Gv8] the default number of shards will change from [5] to [1] in 7.0.0; if you wish to continue using the default of [5] shards, you must manage this on the create index request or with an index template
[2020-01-03T14:57:48,476][WARN ][o.e.d.c.m.MetaDataCreateIndexService] [OAd4Gv8] the default number of shards will change from [5] to [1] in 7.0.0; if you wish to continue using the default of [5] shards, you must manage this on the create index request or with an index template
[2020-01-03T14:59:29,512][WARN ][o.e.d.c.m.MetaDataCreateIndexService] [OAd4Gv8] the default number of shards will change from [5] to [1] in 7.0.0; if you wish to continue using the default of [5] shards, you must manage this on the create index request or with an index template
[2020-01-03T15:00:09,059][WARN ][o.e.d.c.m.MetaDataCreateIndexService] [OAd4Gv8] the default number of shards will change from [5] to [1] in 7.0.0; if you wish to continue using the default of [5] shards, you must manage this on the create index request or with an index template
[2020-01-03T15:00:38,205][WARN ][o.e.d.c.m.MetaDataCreateIndexService] [OAd4Gv8] the default number of shards will change from [5] to [1] in 7.0.0; if you wish to continue using the default of [5] shards, you must manage this on the create index request or with an index template
[2020-01-03T15:01:23,224][WARN ][o.e.d.c.m.MetaDataCreateIndexService] [OAd4Gv8] the default number of shards will change from [5] to [1] in 7.0.0; if you wish to continue using the default of [5] shards, you must manage this on the create index request or with an index template
[2020-01-03T15:02:13,357][WARN ][o.e.d.c.m.MetaDataCreateIndexService] [OAd4Gv8] the default number of shards will change from [5] to [1] in 7.0.0; if you wish to continue using the default of [5] shards, you must manage this on the create index request or with an index template
[2020-01-03T15:02:30,017][WARN ][o.e.d.c.m.MetaDataCreateIndexService] [OAd4Gv8] the default number of shards will change from [5] to [1] in 7.0.0; if you wish to continue using the default of [5] shards, you must manage this on the create index request or with an index template
[2020-01-03T15:05:25,038][WARN ][o.e.d.c.m.MetaDataCreateIndexService] [OAd4Gv8] the default number of shards will change from [5] to [1] in 7.0.0; if you wish to continue using the default of [5] shards, you must manage this on the create index request or with an index template
[2020-01-03T15:05:47,849][WARN ][o.e.d.c.m.MetaDataCreateIndexService] [OAd4Gv8] the default number of shards will change from [5] to [1] in 7.0.0; if you wish to continue using the default of [5] shards, you must manage this on the create index request or with an index template
[2020-01-03T15:09:33,985][WARN ][o.e.d.c.m.MetaDataCreateIndexService] [OAd4Gv8] the default number of shards will change from [5] to [1] in 7.0.0; if you wish to continue using the default of [5] shards, you must manage this on the create index request or with an index template
[2020-01-03T15:10:46,787][WARN ][o.e.d.c.m.MetaDataCreateIndexService] [OAd4Gv8] the default number of shards will change from [5] to [1] in 7.0.0; if you wish to continue using the default of [5] shards, you must manage this on the create index request or with an index template
[2020-01-03T15:12:37,117][WARN ][o.e.d.c.m.MetaDataCreateIndexService] [OAd4Gv8] the default number of shards will change from [5] to [1] in 7.0.0; if you wish to continue using the default of [5] shards, you must manage this on the create index request or with an index template
[2020-01-03T15:13:06,157][WARN ][o.e.d.c.m.MetaDataCreateIndexService] [OAd4Gv8] the default number of shards will change from [5] to [1] in 7.0.0; if you wish to continue using the default of [5] shards, you must manage this on the create index request or with an index template
[2020-01-03T15:15:48,971][WARN ][o.e.d.c.m.MetaDataCreateIndexService] [OAd4Gv8] the default number of shards will change from [5] to [1] in 7.0.0; if you wish to continue using the default of [5] shards, you must manage this on the create index request or with an index template
[2020-01-03T15:16:12,181][WARN ][o.e.d.c.m.MetaDataCreateIndexService] [OAd4Gv8] the default number of shards will change from [5] to [1] in 7.0.0; if you wish to continue using the default of [5] shards, you must manage this on the create index request or with an index template
[2020-01-03T15:16:39,704][WARN ][o.e.d.c.m.MetaDataCreateIndexService] [OAd4Gv8] the default number of shards will change from [5] to [1] in 7.0.0; if you wish to continue using the default of [5] shards, you must manage this on the create index request or with an index template
[2020-01-03T15:17:16,267][WARN ][o.e.d.c.m.MetaDataCreateIndexService] [OAd4Gv8] the default number of shards will change from [5] to [1] in 7.0.0; if you wish to continue using the default of [5] shards, you must manage this on the create index request or with an index template
[2020-01-03T15:17:34,269][WARN ][o.e.d.c.m.MetaDataCreateIndexService] [OAd4Gv8] the default number of shards will change from [5] to [1] in 7.0.0; if you wish to continue using the default of [5] shards, you must manage this on the create index request or with an index template
[2020-01-03T15:17:47,907][WARN ][o.e.d.c.m.MetaDataCreateIndexService] [OAd4Gv8] the default number of shards will change from [5] to [1] in 7.0.0; if you wish to continue using the default of [5] shards, you must manage this on the create index request or with an index template
[2020-01-03T15:19:25,903][WARN ][o.e.d.c.m.MetaDataCreateIndexService] [OAd4Gv8] the default number of shards will change from [5] to [1] in 7.0.0; if you wish to continue using the default of [5] shards, you must manage this on the create index request or with an index template
[2020-01-03T15:20:35,555][WARN ][o.e.d.c.m.MetaDataCreateIndexService] [OAd4Gv8] the default number of shards will change from [5] to [1] in 7.0.0; if you wish to continue using the default of [5] shards, you must manage this on the create index request or with an index template
[2020-01-03T15:20:53,715][WARN ][o.e.d.c.m.MetaDataCreateIndexService] [OAd4Gv8] the default number of shards will change from [5] to [1] in 7.0.0; if you wish to continue using the default of [5] shards, you must manage this on the create index request or with an index template
[2020-01-03T15:31:20,167][WARN ][o.e.d.c.m.MetaDataCreateIndexService] [OAd4Gv8] the default number of shards will change from [5] to [1] in 7.0.0; if you wish to continue using the default of [5] shards, you must manage this on the create index request or with an index template
[2020-01-03T15:32:23,105][WARN ][o.e.d.c.m.MetaDataCreateIndexService] [OAd4Gv8] the default number of shards will change from [5] to [1] in 7.0.0; if you wish to continue using the default of [5] shards, you must manage this on the create index request or with an index template
[2020-01-03T15:33:25,403][WARN ][o.e.d.c.m.MetaDataCreateIndexService] [OAd4Gv8] the default number of shards will change from [5] to [1] in 7.0.0; if you wish to continue using the default of [5] shards, you must manage this on the create index request or with an index template
[2020-01-03T15:35:38,956][WARN ][o.e.d.c.m.MetaDataCreateIndexService] [OAd4Gv8] the default number of shards will change from [5] to [1] in 7.0.0; if you wish to continue using the default of [5] shards, you must manage this on the create index request or with an index template
[2020-01-08T11:57:54,759][WARN ][o.e.d.r.a.a.i.RestPutMappingAction] [OAd4Gv8] [types removal] The parameter include_type_name should be explicitly specified in create index requests to prepare for 7.0. In 7.0 include_type_name will default to 'false', and requests are expected to omit the type name in mapping definitions.
[2020-01-09T10:51:26,845][WARN ][o.e.d.r.a.a.i.RestPutMappingAction] [OAd4Gv8] [types removal] The parameter include_type_name should be explicitly specified in create index requests to prepare for 7.0. In 7.0 include_type_name will default to 'false', and requests are expected to omit the type name in mapping definitions.
[2020-01-13T16:55:59,655][WARN ][o.e.d.r.a.a.i.RestGetMappingAction] [OAd4Gv8] [types removal] The parameter include_type_name should be explicitly specified in get mapping requests to prepare for 7.0. In 7.0 include_type_name will default to 'false', which means responses will omit the type name in mapping definitions.
[2020-01-17T12:22:26,865][WARN ][o.e.d.r.a.a.i.RestPutMappingAction] [OAd4Gv8] [types removal] The parameter include_type_name should be explicitly specified in create index requests to prepare for 7.0. In 7.0 include_type_name will default to 'false', and requests are expected to omit the type name in mapping definitions.
[2020-01-17T12:58:00,906][WARN ][o.e.d.c.m.MetaDataCreateIndexService] [OAd4Gv8] the default number of shards will change from [5] to [1] in 7.0.0; if you wish to continue using the default of [5] shards, you must manage this on the create index request or with an index template
[2020-01-17T16:55:52,495][WARN ][o.e.d.c.m.MetaDataCreateIndexService] [OAd4Gv8] the default number of shards will change from [5] to [1] in 7.0.0; if you wish to continue using the default of [5] shards, you must manage this on the create index request or with an index template
[2020-01-20T16:34:03,659][WARN ][o.e.d.c.m.MetaDataCreateIndexService] [OAd4Gv8] the default number of shards will change from [5] to [1] in 7.0.0; if you wish to continue using the default of [5] shards, you must manage this on the create index request or with an index template
[2020-01-20T16:37:17,855][WARN ][o.e.d.c.m.MetaDataCreateIndexService] [OAd4Gv8] the default number of shards will change from [5] to [1] in 7.0.0; if you wish to continue using the default of [5] shards, you must manage this on the create index request or with an index template
[2020-01-20T16:38:59,090][WARN ][o.e.d.c.m.MetaDataCreateIndexService] [OAd4Gv8] the default number of shards will change from [5] to [1] in 7.0.0; if you wish to continue using the default of [5] shards, you must manage this on the create index request or with an index template
[2020-01-20T16:41:23,112][WARN ][o.e.d.c.m.MetaDataCreateIndexService] [OAd4Gv8] the default number of shards will change from [5] to [1] in 7.0.0; if you wish to continue using the default of [5] shards, you must manage this on the create index request or with an index template
[2020-01-20T16:42:45,482][WARN ][o.e.d.c.m.MetaDataCreateIndexService] [OAd4Gv8] the default number of shards will change from [5] to [1] in 7.0.0; if you wish to continue using the default of [5] shards, you must manage this on the create index request or with an index template
[2020-01-20T16:44:47,463][WARN ][o.e.d.c.m.MetaDataCreateIndexService] [OAd4Gv8] the default number of shards will change from [5] to [1] in 7.0.0; if you wish to continue using the default of [5] shards, you must manage this on the create index request or with an index template
[2020-01-20T16:47:05,034][WARN ][o.e.d.c.m.MetaDataCreateIndexService] [OAd4Gv8] the default number of shards will change from [5] to [1] in 7.0.0; if you wish to continue using the default of [5] shards, you must manage this on the create index request or with an index template
[2020-01-21T17:17:41,099][WARN ][o.e.d.r.a.a.i.RestPutMappingAction] [OAd4Gv8] [types removal] The parameter include_type_name should be explicitly specified in create index requests to prepare for 7.0. In 7.0 include_type_name will default to 'false', and requests are expected to omit the type name in mapping definitions.
[2020-01-21T20:01:03,212][WARN ][o.e.d.r.a.a.i.RestPutMappingAction] [OAd4Gv8] [types removal] The parameter include_type_name should be explicitly specified in create index requests to prepare for 7.0. In 7.0 include_type_name will default to 'false', and requests are expected to omit the type name in mapping definitions.
[2020-01-22T00:23:57,058][WARN ][o.e.d.r.a.a.i.RestPutMappingAction] [OAd4Gv8] [types removal] The parameter include_type_name should be explicitly specified in create index requests to prepare for 7.0. In 7.0 include_type_name will default to 'false', and requests are expected to omit the type name in mapping definitions.
[2020-01-22T00:53:24,929][WARN ][o.e.d.c.m.MetaDataCreateIndexService] [OAd4Gv8] the default number of shards will change from [5] to [1] in 7.0.0; if you wish to continue using the default of [5] shards, you must manage this on the create index request or with an index template
[2020-01-22T01:42:10,454][WARN ][o.e.d.c.m.MetaDataCreateIndexService] [OAd4Gv8] the default number of shards will change from [5] to [1] in 7.0.0; if you wish to continue using the default of [5] shards, you must manage this on the create index request or with an index template
[2020-01-22T01:50:58,213][WARN ][o.e.d.c.m.MetaDataCreateIndexService] [OAd4Gv8] the default number of shards will change from [5] to [1] in 7.0.0; if you wish to continue using the default of [5] shards, you must manage this on the create index request or with an index template
[2020-01-22T10:17:44,515][WARN ][o.e.d.c.m.MetaDataCreateIndexService] [OAd4Gv8] the default number of shards will change from [5] to [1] in 7.0.0; if you wish to continue using the default of [5] shards, you must manage this on the create index request or with an index template
[2020-01-22T12:03:47,854][WARN ][o.e.d.c.m.MetaDataCreateIndexService] [OAd4Gv8] the default number of shards will change from [5] to [1] in 7.0.0; if you wish to continue using the default of [5] shards, you must manage this on the create index request or with an index template
[2020-01-22T14:11:04,094][WARN ][o.e.d.r.a.a.i.RestGetMappingAction] [OAd4Gv8] [types removal] The parameter include_type_name should be explicitly specified in get mapping requests to prepare for 7.0. In 7.0 include_type_name will default to 'false', which means responses will omit the type name in mapping definitions.
[2020-01-22T15:53:16,222][WARN ][o.e.d.c.m.MetaDataCreateIndexService] [OAd4Gv8] the default number of shards will change from [5] to [1] in 7.0.0; if you wish to continue using the default of [5] shards, you must manage this on the create index request or with an index template
[2020-01-22T15:57:02,241][WARN ][o.e.d.r.a.a.i.RestPutMappingAction] [OAd4Gv8] [types removal] Specifying types in put mapping requests is deprecated. To be compatible with 7.0, the mapping definition should not be nested under the type name, and the parameter include_type_name must be provided and set to false.
[2020-01-22T15:57:20,097][WARN ][o.e.d.c.m.MetaDataCreateIndexService] [OAd4Gv8] the default number of shards will change from [5] to [1] in 7.0.0; if you wish to continue using the default of [5] shards, you must manage this on the create index request or with an index template
[2020-01-23T09:44:55,611][WARN ][o.e.d.r.a.a.i.RestGetMappingAction] [OAd4Gv8] [types removal] The parameter include_type_name should be explicitly specified in get mapping requests to prepare for 7.0. In 7.0 include_type_name will default to 'false', which means responses will omit the type name in mapping definitions.
[2020-01-23T09:53:20,315][WARN ][o.e.d.r.a.a.i.RestPutMappingAction] [OAd4Gv8] [types removal] The parameter include_type_name should be explicitly specified in create index requests to prepare for 7.0. In 7.0 include_type_name will default to 'false', and requests are expected to omit the type name in mapping definitions.
[2020-01-23T09:53:20,324][WARN ][o.e.d.c.m.MetaDataCreateIndexService] [OAd4Gv8] the default number of shards will change from [5] to [1] in 7.0.0; if you wish to continue using the default of [5] shards, you must manage this on the create index request or with an index template
[2020-01-23T10:03:28,159][WARN ][o.e.d.c.m.MetaDataCreateIndexService] [OAd4Gv8] the default number of shards will change from [5] to [1] in 7.0.0; if you wish to continue using the default of [5] shards, you must manage this on the create index request or with an index template
[2020-01-23T10:12:33,540][WARN ][o.e.d.c.m.MetaDataCreateIndexService] [OAd4Gv8] the default number of shards will change from [5] to [1] in 7.0.0; if you wish to continue using the default of [5] shards, you must manage this on the create index request or with an index template
[2020-01-23T10:12:33,723][WARN ][o.e.d.c.m.MetaDataCreateIndexService] [OAd4Gv8] the default number of shards will change from [5] to [1] in 7.0.0; if you wish to continue using the default of [5] shards, you must manage this on the create index request or with an index template
[2020-01-23T10:21:32,091][WARN ][o.e.d.c.m.MetaDataCreateIndexService] [OAd4Gv8] the default number of shards will change from [5] to [1] in 7.0.0; if you wish to continue using the default of [5] shards, you must manage this on the create index request or with an index template
[2020-01-23T10:21:32,220][WARN ][o.e.d.c.m.MetaDataCreateIndexService] [OAd4Gv8] the default number of shards will change from [5] to [1] in 7.0.0; if you wish to continue using the default of [5] shards, you must manage this on the create index request or with an index template
[2020-01-23T10:30:48,966][WARN ][o.e.d.c.m.MetaDataCreateIndexService] [OAd4Gv8] the default number of shards will change from [5] to [1] in 7.0.0; if you wish to continue using the default of [5] shards, you must manage this on the create index request or with an index template
[2020-01-23T10:31:25,590][WARN ][o.e.d.c.m.MetaDataCreateIndexService] [OAd4Gv8] the default number of shards will change from [5] to [1] in 7.0.0; if you wish to continue using the default of [5] shards, you must manage this on the create index request or with an index template
[2020-01-23T10:33:23,277][WARN ][o.e.d.c.m.MetaDataCreateIndexService] [OAd4Gv8] the default number of shards will change from [5] to [1] in 7.0.0; if you wish to continue using the default of [5] shards, you must manage this on the create index request or with an index template
[2020-01-23T10:34:01,990][WARN ][o.e.d.c.m.MetaDataCreateIndexService] [OAd4Gv8] the default number of shards will change from [5] to [1] in 7.0.0; if you wish to continue using the default of [5] shards, you must manage this on the create index request or with an index template
[2020-01-23T10:38:40,529][WARN ][o.e.d.c.m.MetaDataCreateIndexService] [OAd4Gv8] the default number of shards will change from [5] to [1] in 7.0.0; if you wish to continue using the default of [5] shards, you must manage this on the create index request or with an index template
[2020-01-23T10:41:30,188][WARN ][o.e.d.c.m.MetaDataCreateIndexService] [OAd4Gv8] the default number of shards will change from [5] to [1] in 7.0.0; if you wish to continue using the default of [5] shards, you must manage this on the create index request or with an index template
[2020-01-23T16:11:29,797][WARN ][o.e.d.c.m.MetaDataCreateIndexService] [OAd4Gv8] the default number of shards will change from [5] to [1] in 7.0.0; if you wish to continue using the default of [5] shards, you must manage this on the create index request or with an index template
[2020-01-23T16:11:51,101][WARN ][o.e.d.c.m.MetaDataCreateIndexService] [OAd4Gv8] the default number of shards will change from [5] to [1] in 7.0.0; if you wish to continue using the default of [5] shards, you must manage this on the create index request or with an index template
[2020-01-23T16:13:24,533][WARN ][o.e.d.c.m.MetaDataCreateIndexService] [OAd4Gv8] the default number of shards will change from [5] to [1] in 7.0.0; if you wish to continue using the default of [5] shards, you must manage this on the create index request or with an index template
[2020-01-23T16:51:23,173][WARN ][o.e.d.c.m.MetaDataCreateIndexService] [OAd4Gv8] the default number of shards will change from [5] to [1] in 7.0.0; if you wish to continue using the default of [5] shards, you must manage this on the create index request or with an index template
[2020-01-24T10:31:39,233][WARN ][o.e.d.r.a.a.i.RestPutMappingAction] [OAd4Gv8] [types removal] The parameter include_type_name should be explicitly specified in create index requests to prepare for 7.0. In 7.0 include_type_name will default to 'false', and requests are expected to omit the type name in mapping definitions.
[2020-01-24T10:31:39,263][WARN ][o.e.d.c.m.MetaDataCreateIndexService] [OAd4Gv8] the default number of shards will change from [5] to [1] in 7.0.0; if you wish to continue using the default of [5] shards, you must manage this on the create index request or with an index template
[2020-01-25T11:14:31,670][WARN ][o.e.d.s.b.SearchSourceBuilder] [OAd4Gv8] Found extra tokens after the _search request body, an error will be thrown in the next major version
[2020-01-25T11:15:12,561][WARN ][o.e.d.s.b.SearchSourceBuilder] [OAd4Gv8] Found extra tokens after the _search request body, an error will be thrown in the next major version
[2020-01-25T11:16:21,582][WARN ][o.e.d.s.b.SearchSourceBuilder] [OAd4Gv8] Found extra tokens after the _search request body, an error will be thrown in the next major version
[2020-01-25T11:16:36,301][WARN ][o.e.d.s.b.SearchSourceBuilder] [OAd4Gv8] Found extra tokens after the _search request body, an error will be thrown in the next major version
[2020-01-25T11:17:56,455][WARN ][o.e.d.s.b.SearchSourceBuilder] [OAd4Gv8] Found extra tokens after the _search request body, an error will be thrown in the next major version
[2020-01-25T11:18:40,328][WARN ][o.e.d.s.b.SearchSourceBuilder] [OAd4Gv8] Found extra tokens after the _search request body, an error will be thrown in the next major version
[2020-01-25T11:22:51,758][WARN ][o.e.d.s.b.SearchSourceBuilder] [OAd4Gv8] Found extra tokens after the _search request body, an error will be thrown in the next major version
[2020-01-25T12:30:03,896][WARN ][o.e.d.s.b.SearchSourceBuilder] [OAd4Gv8] Found extra tokens after the _search request body, an error will be thrown in the next major version
[2020-01-25T12:33:13,147][WARN ][o.e.d.s.b.SearchSourceBuilder] [OAd4Gv8] Found extra tokens after the _search request body, an error will be thrown in the next major version
[2020-01-25T12:33:32,411][WARN ][o.e.d.s.b.SearchSourceBuilder] [OAd4Gv8] Found extra tokens after the _search request body, an error will be thrown in the next major version
[2020-01-25T13:11:53,332][WARN ][o.e.d.s.b.SearchSourceBuilder] [OAd4Gv8] Found extra tokens after the _search request body, an error will be thrown in the next major version
[2020-01-25T13:13:30,073][WARN ][o.e.d.s.b.SearchSourceBuilder] [OAd4Gv8] Found extra tokens after the _search request body, an error will be thrown in the next major version
[2020-01-25T13:14:25,717][WARN ][o.e.d.s.b.SearchSourceBuilder] [OAd4Gv8] Found extra tokens after the _search request body, an error will be thrown in the next major version
[2020-01-25T13:18:52,830][WARN ][o.e.d.s.b.SearchSourceBuilder] [OAd4Gv8] Found extra tokens after the _search request body, an error will be thrown in the next major version
[2020-01-25T13:19:26,901][WARN ][o.e.d.s.b.SearchSourceBuilder] [OAd4Gv8] Found extra tokens after the _search request body, an error will be thrown in the next major version
[2020-01-25T13:19:51,384][WARN ][o.e.d.s.b.SearchSourceBuilder] [OAd4Gv8] Found extra tokens after the _search request body, an error will be thrown in the next major version
[2020-01-25T13:20:15,715][WARN ][o.e.d.s.b.SearchSourceBuilder] [OAd4Gv8] Found extra tokens after the _search request body, an error will be thrown in the next major version
[2020-01-25T13:20:29,820][WARN ][o.e.d.s.b.SearchSourceBuilder] [OAd4Gv8] Found extra tokens after the _search request body, an error will be thrown in the next major version
[2020-01-25T13:20:38,253][WARN ][o.e.d.s.b.SearchSourceBuilder] [OAd4Gv8] Found extra tokens after the _search request body, an error will be thrown in the next major version
[2020-01-25T13:23:42,355][WARN ][o.e.d.s.b.SearchSourceBuilder] [OAd4Gv8] Found extra tokens after the _search request body, an error will be thrown in the next major version
[2020-01-25T13:24:13,367][WARN ][o.e.d.s.b.SearchSourceBuilder] [OAd4Gv8] Found extra tokens after the _search request body, an error will be thrown in the next major version
[2020-01-25T13:25:00,781][WARN ][o.e.d.s.b.SearchSourceBuilder] [OAd4Gv8] Found extra tokens after the _search request body, an error will be thrown in the next major version
[2020-01-25T15:31:53,115][WARN ][o.e.d.s.b.SearchSourceBuilder] [OAd4Gv8] Found extra tokens after the _search request body, an error will be thrown in the next major version
[2020-01-25T15:36:52,538][WARN ][o.e.d.s.b.SearchSourceBuilder] [OAd4Gv8] Found extra tokens after the _search request body, an error will be thrown in the next major version
[2020-01-25T15:39:12,328][WARN ][o.e.d.s.b.SearchSourceBuilder] [OAd4Gv8] Found extra tokens after the _search request body, an error will be thrown in the next major version
[2020-01-25T15:40:47,648][WARN ][o.e.d.s.b.SearchSourceBuilder] [OAd4Gv8] Found extra tokens after the _search request body, an error will be thrown in the next major version
[2020-01-25T15:42:29,002][WARN ][o.e.d.s.b.SearchSourceBuilder] [OAd4Gv8] Found extra tokens after the _search request body, an error will be thrown in the next major version
[2020-01-25T15:44:59,141][WARN ][o.e.d.s.b.SearchSourceBuilder] [OAd4Gv8] Found extra tokens after the _search request body, an error will be thrown in the next major version
[2020-01-25T15:46:17,306][WARN ][o.e.d.s.b.SearchSourceBuilder] [OAd4Gv8] Found extra tokens after the _search request body, an error will be thrown in the next major version
[2020-01-25T15:46:51,771][WARN ][o.e.d.s.b.SearchSourceBuilder] [OAd4Gv8] Found extra tokens after the _search request body, an error will be thrown in the next major version
[2020-01-25T15:47:31,586][WARN ][o.e.d.s.b.SearchSourceBuilder] [OAd4Gv8] Found extra tokens after the _search request body, an error will be thrown in the next major version
[2020-01-25T15:48:30,602][WARN ][o.e.d.s.b.SearchSourceBuilder] [OAd4Gv8] Found extra tokens after the _search request body, an error will be thrown in the next major version
[2020-01-25T15:49:54,895][WARN ][o.e.d.s.b.SearchSourceBuilder] [OAd4Gv8] Found extra tokens after the _search request body, an error will be thrown in the next major version
[2020-01-25T15:53:23,537][WARN ][o.e.d.s.b.SearchSourceBuilder] [OAd4Gv8] Found extra tokens after the _search request body, an error will be thrown in the next major version
[2020-01-25T15:55:32,037][WARN ][o.e.d.s.b.SearchSourceBuilder] [OAd4Gv8] Found extra tokens after the _search request body, an error will be thrown in the next major version
[2020-01-25T15:55:43,447][WARN ][o.e.d.s.b.SearchSourceBuilder] [OAd4Gv8] Found extra tokens after the _search request body, an error will be thrown in the next major version
[2020-01-25T15:56:08,764][WARN ][o.e.d.s.b.SearchSourceBuilder] [OAd4Gv8] Found extra tokens after the _search request body, an error will be thrown in the next major version
[2020-01-25T16:00:05,334][WARN ][o.e.d.s.b.SearchSourceBuilder] [OAd4Gv8] Found extra tokens after the _search request body, an error will be thrown in the next major version
[2020-01-25T16:02:12,717][WARN ][o.e.d.s.b.SearchSourceBuilder] [OAd4Gv8] Found extra tokens after the _search request body, an error will be thrown in the next major version
[2020-01-25T16:02:22,261][WARN ][o.e.d.s.b.SearchSourceBuilder] [OAd4Gv8] Found extra tokens after the _search request body, an error will be thrown in the next major version
[2020-01-25T16:39:25,196][WARN ][o.e.d.s.b.SearchSourceBuilder] [OAd4Gv8] Found extra tokens after the _search request body, an error will be thrown in the next major version
[2020-01-25T16:40:17,962][WARN ][o.e.d.s.b.SearchSourceBuilder] [OAd4Gv8] Found extra tokens after the _search request body, an error will be thrown in the next major version
[2020-01-25T16:41:07,534][WARN ][o.e.d.s.b.SearchSourceBuilder] [OAd4Gv8] Found extra tokens after the _search request body, an error will be thrown in the next major version
[2020-01-25T18:35:56,372][WARN ][o.e.d.c.m.MetaDataCreateIndexService] [OAd4Gv8] the default number of shards will change from [5] to [1] in 7.0.0; if you wish to continue using the default of [5] shards, you must manage this on the create index request or with an index template
[2020-01-25T20:11:28,717][WARN ][o.e.d.s.b.SearchSourceBuilder] [OAd4Gv8] Found extra tokens after the _search request body, an error will be thrown in the next major version
[2020-01-25T20:24:18,938][WARN ][o.e.d.s.b.SearchSourceBuilder] [OAd4Gv8] Found extra tokens after the _search request body, an error will be thrown in the next major version
[2020-01-25T20:24:43,955][WARN ][o.e.d.s.b.SearchSourceBuilder] [OAd4Gv8] Found extra tokens after the _search request body, an error will be thrown in the next major version
[2020-01-25T23:10:58,147][WARN ][o.e.d.c.m.MetaDataCreateIndexService] [OAd4Gv8] the default number of shards will change from [5] to [1] in 7.0.0; if you wish to continue using the default of [5] shards, you must manage this on the create index request or with an index template
[2020-01-25T23:43:38,959][WARN ][o.e.d.c.m.MetaDataCreateIndexService] [OAd4Gv8] the default number of shards will change from [5] to [1] in 7.0.0; if you wish to continue using the default of [5] shards, you must manage this on the create index request or with an index template
[2020-01-25T23:55:29,486][WARN ][o.e.d.s.b.SearchSourceBuilder] [OAd4Gv8] Found extra tokens after the _search request body, an error will be thrown in the next major version
[2020-01-26T00:01:53,235][WARN ][o.e.d.s.b.SearchSourceBuilder] [OAd4Gv8] Found extra tokens after the _search request body, an error will be thrown in the next major version
[2020-01-26T00:03:15,168][WARN ][o.e.d.s.b.SearchSourceBuilder] [OAd4Gv8] Found extra tokens after the _search request body, an error will be thrown in the next major version
[2020-01-26T00:04:17,622][WARN ][o.e.d.s.b.SearchSourceBuilder] [OAd4Gv8] Found extra tokens after the _search request body, an error will be thrown in the next major version
[2020-01-26T00:07:28,488][WARN ][o.e.d.s.b.SearchSourceBuilder] [OAd4Gv8] Found extra tokens after the _search request body, an error will be thrown in the next major version
[2020-01-26T00:10:15,186][WARN ][o.e.d.s.b.SearchSourceBuilder] [OAd4Gv8] Found extra tokens after the _search request body, an error will be thrown in the next major version
[2020-01-26T00:11:02,482][WARN ][o.e.d.s.b.SearchSourceBuilder] [OAd4Gv8] Found extra tokens after the _search request body, an error will be thrown in the next major version
[2020-01-26T00:11:34,700][WARN ][o.e.d.s.b.SearchSourceBuilder] [OAd4Gv8] Found extra tokens after the _search request body, an error will be thrown in the next major version
[2020-01-26T00:13:16,069][WARN ][o.e.d.s.b.SearchSourceBuilder] [OAd4Gv8] Found extra tokens after the _search request body, an error will be thrown in the next major version
[2020-01-26T00:14:08,004][WARN ][o.e.d.s.b.SearchSourceBuilder] [OAd4Gv8] Found extra tokens after the _search request body, an error will be thrown in the next major version
[2020-01-26T00:16:02,838][WARN ][o.e.d.s.b.SearchSourceBuilder] [OAd4Gv8] Found extra tokens after the _search request body, an error will be thrown in the next major version
[2020-01-26T00:17:07,719][WARN ][o.e.d.s.b.SearchSourceBuilder] [OAd4Gv8] Found extra tokens after the _search request body, an error will be thrown in the next major version
[2020-01-26T00:18:31,767][WARN ][o.e.d.s.b.SearchSourceBuilder] [OAd4Gv8] Found extra tokens after the _search request body, an error will be thrown in the next major version
[2020-01-26T00:22:10,586][WARN ][o.e.d.s.b.SearchSourceBuilder] [OAd4Gv8] Found extra tokens after the _search request body, an error will be thrown in the next major version
[2020-02-05T11:08:00,088][WARN ][o.e.d.r.a.a.i.RestPutMappingAction] [OAd4Gv8] [types removal] The parameter include_type_name should be explicitly specified in create index requests to prepare for 7.0. In 7.0 include_type_name will default to 'false', and requests are expected to omit the type name in mapping definitions.
[2020-02-05T11:18:51,166][WARN ][o.e.d.c.m.MetaDataCreateIndexService] [OAd4Gv8] the default number of shards will change from [5] to [1] in 7.0.0; if you wish to continue using the default of [5] shards, you must manage this on the create index request or with an index template
[2020-02-05T11:27:34,191][WARN ][o.e.d.c.m.MetaDataCreateIndexService] [OAd4Gv8] the default number of shards will change from [5] to [1] in 7.0.0; if you wish to continue using the default of [5] shards, you must manage this on the create index request or with an index template
[2020-02-05T11:30:42,345][WARN ][o.e.d.c.m.MetaDataCreateIndexService] [OAd4Gv8] the default number of shards will change from [5] to [1] in 7.0.0; if you wish to continue using the default of [5] shards, you must manage this on the create index request or with an index template
[2020-02-05T11:46:58,062][WARN ][o.e.d.c.m.MetaDataCreateIndexService] [OAd4Gv8] the default number of shards will change from [5] to [1] in 7.0.0; if you wish to continue using the default of [5] shards, you must manage this on the create index request or with an index template
[2020-02-05T11:57:30,442][WARN ][o.e.d.c.m.MetaDataCreateIndexService] [OAd4Gv8] the default number of shards will change from [5] to [1] in 7.0.0; if you wish to continue using the default of [5] shards, you must manage this on the create index request or with an index template
[2020-02-05T13:13:58,417][WARN ][o.e.d.c.m.MetaDataCreateIndexService] [OAd4Gv8] the default number of shards will change from [5] to [1] in 7.0.0; if you wish to continue using the default of [5] shards, you must manage this on the create index request or with an index template
[2020-02-05T13:15:54,613][WARN ][o.e.d.c.m.MetaDataCreateIndexService] [OAd4Gv8] the default number of shards will change from [5] to [1] in 7.0.0; if you wish to continue using the default of [5] shards, you must manage this on the create index request or with an index template
[2020-02-05T13:17:50,174][WARN ][o.e.d.c.m.MetaDataCreateIndexService] [OAd4Gv8] the default number of shards will change from [5] to [1] in 7.0.0; if you wish to continue using the default of [5] shards, you must manage this on the create index request or with an index template
[2020-02-05T13:20:56,095][WARN ][o.e.d.c.m.MetaDataCreateIndexService] [OAd4Gv8] the default number of shards will change from [5] to [1] in 7.0.0; if you wish to continue using the default of [5] shards, you must manage this on the create index request or with an index template
[2020-02-05T13:24:48,407][WARN ][o.e.d.r.a.a.i.RestPutMappingAction] [OAd4Gv8] [types removal] The parameter include_type_name should be explicitly specified in create index requests to prepare for 7.0. In 7.0 include_type_name will default to 'false', and requests are expected to omit the type name in mapping definitions.
[2020-02-05T13:24:48,416][WARN ][o.e.d.c.m.MetaDataCreateIndexService] [OAd4Gv8] the default number of shards will change from [5] to [1] in 7.0.0; if you wish to continue using the default of [5] shards, you must manage this on the create index request or with an index template
[2020-02-05T13:29:26,377][WARN ][o.e.d.c.m.MetaDataCreateIndexService] [OAd4Gv8] the default number of shards will change from [5] to [1] in 7.0.0; if you wish to continue using the default of [5] shards, you must manage this on the create index request or with an index template
[2020-02-05T13:32:21,533][WARN ][o.e.d.c.m.MetaDataCreateIndexService] [OAd4Gv8] the default number of shards will change from [5] to [1] in 7.0.0; if you wish to continue using the default of [5] shards, you must manage this on the create index request or with an index template
[2020-02-05T13:34:16,497][WARN ][o.e.d.c.m.MetaDataCreateIndexService] [OAd4Gv8] the default number of shards will change from [5] to [1] in 7.0.0; if you wish to continue using the default of [5] shards, you must manage this on the create index request or with an index template
[2020-02-05T15:21:45,290][WARN ][o.e.d.r.a.a.i.RestGetMappingAction] [OAd4Gv8] [types removal] The parameter include_type_name should be explicitly specified in get mapping requests to prepare for 7.0. In 7.0 include_type_name will default to 'false', which means responses will omit the type name in mapping definitions.
[2020-02-06T13:17:33,609][WARN ][o.e.d.c.m.MetaDataCreateIndexService] [OAd4Gv8] the default number of shards will change from [5] to [1] in 7.0.0; if you wish to continue using the default of [5] shards, you must manage this on the create index request or with an index template
[2020-02-06T14:08:13,417][WARN ][o.e.d.c.m.MetaDataCreateIndexService] [OAd4Gv8] the default number of shards will change from [5] to [1] in 7.0.0; if you wish to continue using the default of [5] shards, you must manage this on the create index request or with an index template
[2020-02-06T14:20:02,363][WARN ][o.e.d.c.m.MetaDataCreateIndexService] [OAd4Gv8] the default number of shards will change from [5] to [1] in 7.0.0; if you wish to continue using the default of [5] shards, you must manage this on the create index request or with an index template
[2020-02-06T14:38:29,838][WARN ][o.e.d.c.m.MetaDataCreateIndexService] [OAd4Gv8] the default number of shards will change from [5] to [1] in 7.0.0; if you wish to continue using the default of [5] shards, you must manage this on the create index request or with an index template
[2020-02-07T11:44:20,612][WARN ][o.e.d.r.a.a.i.RestPutMappingAction] [OAd4Gv8] [types removal] The parameter include_type_name should be explicitly specified in create index requests to prepare for 7.0. In 7.0 include_type_name will default to 'false', and requests are expected to omit the type name in mapping definitions.
[2020-02-07T11:44:20,650][WARN ][o.e.d.c.m.MetaDataCreateIndexService] [OAd4Gv8] the default number of shards will change from [5] to [1] in 7.0.0; if you wish to continue using the default of [5] shards, you must manage this on the create index request or with an index template
[2020-02-07T11:46:21,973][WARN ][o.e.d.r.a.a.i.RestPutMappingAction] [OAd4Gv8] [types removal] The parameter include_type_name should be explicitly specified in create index requests to prepare for 7.0. In 7.0 include_type_name will default to 'false', and requests are expected to omit the type name in mapping definitions.
[2020-02-07T11:46:21,989][WARN ][o.e.d.c.m.MetaDataCreateIndexService] [OAd4Gv8] the default number of shards will change from [5] to [1] in 7.0.0; if you wish to continue using the default of [5] shards, you must manage this on the create index request or with an index template
[2020-02-07T12:02:04,067][WARN ][o.e.d.c.m.MetaDataCreateIndexService] [OAd4Gv8] the default number of shards will change from [5] to [1] in 7.0.0; if you wish to continue using the default of [5] shards, you must manage this on the create index request or with an index template
[2020-02-07T12:03:22,903][WARN ][o.e.d.c.m.MetaDataCreateIndexService] [OAd4Gv8] the default number of shards will change from [5] to [1] in 7.0.0; if you wish to continue using the default of [5] shards, you must manage this on the create index request or with an index template
[2020-02-07T12:13:01,684][WARN ][o.e.d.c.m.MetaDataCreateIndexService] [OAd4Gv8] the default number of shards will change from [5] to [1] in 7.0.0; if you wish to continue using the default of [5] shards, you must manage this on the create index request or with an index template
[2020-02-07T12:58:13,057][WARN ][o.e.d.c.m.MetaDataCreateIndexService] [OAd4Gv8] the default number of shards will change from [5] to [1] in 7.0.0; if you wish to continue using the default of [5] shards, you must manage this on the create index request or with an index template
[2020-02-07T13:01:24,714][WARN ][o.e.d.c.m.MetaDataCreateIndexService] [OAd4Gv8] the default number of shards will change from [5] to [1] in 7.0.0; if you wish to continue using the default of [5] shards, you must manage this on the create index request or with an index template
[2020-02-07T13:13:57,142][WARN ][o.e.d.c.m.MetaDataCreateIndexService] [OAd4Gv8] the default number of shards will change from [5] to [1] in 7.0.0; if you wish to continue using the default of [5] shards, you must manage this on the create index request or with an index template
[2020-02-07T13:14:16,218][WARN ][o.e.d.c.m.MetaDataCreateIndexService] [OAd4Gv8] the default number of shards will change from [5] to [1] in 7.0.0; if you wish to continue using the default of [5] shards, you must manage this on the create index request or with an index template
[2020-02-07T13:14:23,296][WARN ][o.e.d.c.m.MetaDataCreateIndexService] [OAd4Gv8] the default number of shards will change from [5] to [1] in 7.0.0; if you wish to continue using the default of [5] shards, you must manage this on the create index request or with an index template
[2020-02-07T13:18:16,813][WARN ][o.e.d.c.m.MetaDataCreateIndexService] [OAd4Gv8] the default number of shards will change from [5] to [1] in 7.0.0; if you wish to continue using the default of [5] shards, you must manage this on the create index request or with an index template
[2020-02-07T13:18:56,152][WARN ][o.e.d.c.m.MetaDataCreateIndexService] [OAd4Gv8] the default number of shards will change from [5] to [1] in 7.0.0; if you wish to continue using the default of [5] shards, you must manage this on the create index request or with an index template
[2020-02-07T13:19:55,485][WARN ][o.e.d.c.m.MetaDataCreateIndexService] [OAd4Gv8] the default number of shards will change from [5] to [1] in 7.0.0; if you wish to continue using the default of [5] shards, you must manage this on the create index request or with an index template
[2020-02-07T13:29:21,114][WARN ][o.e.d.c.m.MetaDataCreateIndexService] [OAd4Gv8] the default number of shards will change from [5] to [1] in 7.0.0; if you wish to continue using the default of [5] shards, you must manage this on the create index request or with an index template
[2020-02-07T13:29:45,494][WARN ][o.e.d.c.m.MetaDataCreateIndexService] [OAd4Gv8] the default number of shards will change from [5] to [1] in 7.0.0; if you wish to continue using the default of [5] shards, you must manage this on the create index request or with an index template
[2020-02-07T13:30:24,799][WARN ][o.e.d.c.m.MetaDataCreateIndexService] [OAd4Gv8] the default number of shards will change from [5] to [1] in 7.0.0; if you wish to continue using the default of [5] shards, you must manage this on the create index request or with an index template
[2020-02-07T13:30:38,664][WARN ][o.e.d.c.m.MetaDataCreateIndexService] [OAd4Gv8] the default number of shards will change from [5] to [1] in 7.0.0; if you wish to continue using the default of [5] shards, you must manage this on the create index request or with an index template
[2020-02-07T14:06:17,969][WARN ][o.e.d.c.m.MetaDataCreateIndexService] [OAd4Gv8] the default number of shards will change from [5] to [1] in 7.0.0; if you wish to continue using the default of [5] shards, you must manage this on the create index request or with an index template
[2020-02-07T14:06:41,754][WARN ][o.e.d.c.m.MetaDataCreateIndexService] [OAd4Gv8] the default number of shards will change from [5] to [1] in 7.0.0; if you wish to continue using the default of [5] shards, you must manage this on the create index request or with an index template
[2020-02-07T14:06:50,646][WARN ][o.e.d.c.m.MetaDataCreateIndexService] [OAd4Gv8] the default number of shards will change from [5] to [1] in 7.0.0; if you wish to continue using the default of [5] shards, you must manage this on the create index request or with an index template
[2020-02-07T14:07:05,007][WARN ][o.e.d.c.m.MetaDataCreateIndexService] [OAd4Gv8] the default number of shards will change from [5] to [1] in 7.0.0; if you wish to continue using the default of [5] shards, you must manage this on the create index request or with an index template
[2020-02-07T14:07:46,081][WARN ][o.e.d.c.m.MetaDataCreateIndexService] [OAd4Gv8] the default number of shards will change from [5] to [1] in 7.0.0; if you wish to continue using the default of [5] shards, you must manage this on the create index request or with an index template
[2020-02-07T14:08:03,143][WARN ][o.e.d.c.m.MetaDataCreateIndexService] [OAd4Gv8] the default number of shards will change from [5] to [1] in 7.0.0; if you wish to continue using the default of [5] shards, you must manage this on the create index request or with an index template
[2020-02-07T14:08:11,376][WARN ][o.e.d.c.m.MetaDataCreateIndexService] [OAd4Gv8] the default number of shards will change from [5] to [1] in 7.0.0; if you wish to continue using the default of [5] shards, you must manage this on the create index request or with an index template
[2020-02-07T14:16:43,826][WARN ][o.e.d.c.m.MetaDataCreateIndexService] [OAd4Gv8] the default number of shards will change from [5] to [1] in 7.0.0; if you wish to continue using the default of [5] shards, you must manage this on the create index request or with an index template
[2020-02-07T14:17:27,988][WARN ][o.e.d.c.m.MetaDataCreateIndexService] [OAd4Gv8] the default number of shards will change from [5] to [1] in 7.0.0; if you wish to continue using the default of [5] shards, you must manage this on the create index request or with an index template
[2020-02-07T14:21:10,403][WARN ][o.e.d.c.m.MetaDataCreateIndexService] [OAd4Gv8] the default number of shards will change from [5] to [1] in 7.0.0; if you wish to continue using the default of [5] shards, you must manage this on the create index request or with an index template
[2020-02-07T14:21:24,356][WARN ][o.e.d.c.m.MetaDataCreateIndexService] [OAd4Gv8] the default number of shards will change from [5] to [1] in 7.0.0; if you wish to continue using the default of [5] shards, you must manage this on the create index request or with an index template
[2020-02-07T14:22:44,287][WARN ][o.e.d.c.m.MetaDataCreateIndexService] [OAd4Gv8] the default number of shards will change from [5] to [1] in 7.0.0; if you wish to continue using the default of [5] shards, you must manage this on the create index request or with an index template
[2020-02-07T14:24:30,252][WARN ][o.e.d.c.m.MetaDataCreateIndexService] [OAd4Gv8] the default number of shards will change from [5] to [1] in 7.0.0; if you wish to continue using the default of [5] shards, you must manage this on the create index request or with an index template
[2020-02-07T14:26:57,211][WARN ][o.e.d.c.m.MetaDataCreateIndexService] [OAd4Gv8] the default number of shards will change from [5] to [1] in 7.0.0; if you wish to continue using the default of [5] shards, you must manage this on the create index request or with an index template
[2020-02-07T14:28:46,843][WARN ][o.e.d.c.m.MetaDataCreateIndexService] [OAd4Gv8] the default number of shards will change from [5] to [1] in 7.0.0; if you wish to continue using the default of [5] shards, you must manage this on the create index request or with an index template
[2020-02-07T14:30:33,961][WARN ][o.e.d.c.m.MetaDataCreateIndexService] [OAd4Gv8] the default number of shards will change from [5] to [1] in 7.0.0; if you wish to continue using the default of [5] shards, you must manage this on the create index request or with an index template
[2020-02-07T14:30:47,473][WARN ][o.e.d.c.m.MetaDataCreateIndexService] [OAd4Gv8] the default number of shards will change from [5] to [1] in 7.0.0; if you wish to continue using the default of [5] shards, you must manage this on the create index request or with an index template
[2020-02-07T14:36:09,809][WARN ][o.e.d.c.m.MetaDataCreateIndexService] [OAd4Gv8] the default number of shards will change from [5] to [1] in 7.0.0; if you wish to continue using the default of [5] shards, you must manage this on the create index request or with an index template
[2020-02-07T14:37:20,992][WARN ][o.e.d.c.m.MetaDataCreateIndexService] [OAd4Gv8] the default number of shards will change from [5] to [1] in 7.0.0; if you wish to continue using the default of [5] shards, you must manage this on the create index request or with an index template
[2020-02-07T14:38:00,575][WARN ][o.e.d.c.m.MetaDataCreateIndexService] [OAd4Gv8] the default number of shards will change from [5] to [1] in 7.0.0; if you wish to continue using the default of [5] shards, you must manage this on the create index request or with an index template
[2020-02-07T14:38:01,604][WARN ][o.e.d.c.m.MetaDataCreateIndexService] [OAd4Gv8] the default number of shards will change from [5] to [1] in 7.0.0; if you wish to continue using the default of [5] shards, you must manage this on the create index request or with an index template
[2020-02-07T14:50:38,883][WARN ][o.e.d.c.m.MetaDataCreateIndexService] [OAd4Gv8] the default number of shards will change from [5] to [1] in 7.0.0; if you wish to continue using the default of [5] shards, you must manage this on the create index request or with an index template
[2020-02-07T15:05:59,227][WARN ][o.e.d.c.m.MetaDataCreateIndexService] [OAd4Gv8] the default number of shards will change from [5] to [1] in 7.0.0; if you wish to continue using the default of [5] shards, you must manage this on the create index request or with an index template
[2020-02-10T11:49:43,654][WARN ][o.e.d.c.m.MetaDataCreateIndexService] [OAd4Gv8] the default number of shards will change from [5] to [1] in 7.0.0; if you wish to continue using the default of [5] shards, you must manage this on the create index request or with an index template
[2020-02-10T11:52:25,569][WARN ][o.e.d.r.a.a.i.RestPutMappingAction] [OAd4Gv8] [types removal] The parameter include_type_name should be explicitly specified in create index requests to prepare for 7.0. In 7.0 include_type_name will default to 'false', and requests are expected to omit the type name in mapping definitions.
[2020-02-10T11:52:25,572][WARN ][o.e.d.c.m.MetaDataCreateIndexService] [OAd4Gv8] the default number of shards will change from [5] to [1] in 7.0.0; if you wish to continue using the default of [5] shards, you must manage this on the create index request or with an index template
[2020-02-10T12:02:57,279][WARN ][o.e.d.r.a.a.i.RestPutMappingAction] [OAd4Gv8] [types removal] The parameter include_type_name should be explicitly specified in create index requests to prepare for 7.0. In 7.0 include_type_name will default to 'false', and requests are expected to omit the type name in mapping definitions.
[2020-02-10T12:02:57,289][WARN ][o.e.d.c.m.MetaDataCreateIndexService] [OAd4Gv8] the default number of shards will change from [5] to [1] in 7.0.0; if you wish to continue using the default of [5] shards, you must manage this on the create index request or with an index template
[2020-02-10T12:05:15,898][WARN ][o.e.d.r.a.a.i.RestGetMappingAction] [OAd4Gv8] [types removal] The parameter include_type_name should be explicitly specified in get mapping requests to prepare for 7.0. In 7.0 include_type_name will default to 'false', which means responses will omit the type name in mapping definitions.
[2020-02-10T12:11:10,413][WARN ][o.e.d.c.m.MetaDataCreateIndexService] [OAd4Gv8] the default number of shards will change from [5] to [1] in 7.0.0; if you wish to continue using the default of [5] shards, you must manage this on the create index request or with an index template
[2020-02-10T12:14:01,916][WARN ][o.e.d.c.m.MetaDataCreateIndexService] [OAd4Gv8] the default number of shards will change from [5] to [1] in 7.0.0; if you wish to continue using the default of [5] shards, you must manage this on the create index request or with an index template
[2020-02-11T09:43:27,446][WARN ][o.e.d.c.m.MetaDataCreateIndexService] [OAd4Gv8] the default number of shards will change from [5] to [1] in 7.0.0; if you wish to continue using the default of [5] shards, you must manage this on the create index request or with an index template
[2020-02-11T11:38:40,292][WARN ][o.e.d.c.m.MetaDataCreateIndexService] [OAd4Gv8] the default number of shards will change from [5] to [1] in 7.0.0; if you wish to continue using the default of [5] shards, you must manage this on the create index request or with an index template
[2020-02-11T11:45:16,700][WARN ][o.e.d.c.m.MetaDataCreateIndexService] [OAd4Gv8] the default number of shards will change from [5] to [1] in 7.0.0; if you wish to continue using the default of [5] shards, you must manage this on the create index request or with an index template
[2020-02-11T12:06:27,493][WARN ][o.e.d.c.m.MetaDataCreateIndexService] [OAd4Gv8] the default number of shards will change from [5] to [1] in 7.0.0; if you wish to continue using the default of [5] shards, you must manage this on the create index request or with an index template
[2020-02-11T12:17:45,161][WARN ][o.e.d.c.m.MetaDataCreateIndexService] [OAd4Gv8] the default number of shards will change from [5] to [1] in 7.0.0; if you wish to continue using the default of [5] shards, you must manage this on the create index request or with an index template
[2020-02-11T12:18:21,490][WARN ][o.e.d.i.a.AnalysisModule ] [OAd4Gv8] The [standard] token filter is deprecated and will be removed in a future version.
[2020-02-11T12:20:54,382][WARN ][o.e.d.c.m.MetaDataCreateIndexService] [OAd4Gv8] the default number of shards will change from [5] to [1] in 7.0.0; if you wish to continue using the default of [5] shards, you must manage this on the create index request or with an index template
[2020-02-11T12:25:46,788][WARN ][o.e.d.c.m.MetaDataCreateIndexService] [OAd4Gv8] the default number of shards will change from [5] to [1] in 7.0.0; if you wish to continue using the default of [5] shards, you must manage this on the create index request or with an index template
[2020-02-11T12:26:08,473][WARN ][o.e.d.c.m.MetaDataCreateIndexService] [OAd4Gv8] the default number of shards will change from [5] to [1] in 7.0.0; if you wish to continue using the default of [5] shards, you must manage this on the create index request or with an index template
[2020-02-11T12:28:13,146][WARN ][o.e.d.c.m.MetaDataCreateIndexService] [OAd4Gv8] the default number of shards will change from [5] to [1] in 7.0.0; if you wish to continue using the default of [5] shards, you must manage this on the create index request or with an index template
[2020-02-11T12:30:53,035][WARN ][o.e.d.c.m.MetaDataCreateIndexService] [OAd4Gv8] the default number of shards will change from [5] to [1] in 7.0.0; if you wish to continue using the default of [5] shards, you must manage this on the create index request or with an index template
[2020-02-11T14:07:31,386][WARN ][o.e.d.c.m.MetaDataCreateIndexService] [OAd4Gv8] the default number of shards will change from [5] to [1] in 7.0.0; if you wish to continue using the default of [5] shards, you must manage this on the create index request or with an index template
[2020-02-11T14:07:43,311][WARN ][o.e.d.c.m.MetaDataCreateIndexService] [OAd4Gv8] the default number of shards will change from [5] to [1] in 7.0.0; if you wish to continue using the default of [5] shards, you must manage this on the create index request or with an index template
[2020-02-11T14:28:44,989][WARN ][o.e.d.c.m.MetaDataCreateIndexService] [OAd4Gv8] the default number of shards will change from [5] to [1] in 7.0.0; if you wish to continue using the default of [5] shards, you must manage this on the create index request or with an index template
[2020-02-11T14:32:34,808][WARN ][o.e.d.c.m.MetaDataCreateIndexService] [OAd4Gv8] the default number of shards will change from [5] to [1] in 7.0.0; if you wish to continue using the default of [5] shards, you must manage this on the create index request or with an index template
[2020-02-11T14:33:13,216][WARN ][o.e.d.c.m.MetaDataCreateIndexService] [OAd4Gv8] the default number of shards will change from [5] to [1] in 7.0.0; if you wish to continue using the default of [5] shards, you must manage this on the create index request or with an index template
[2020-02-11T14:39:08,709][WARN ][o.e.d.c.m.MetaDataCreateIndexService] [OAd4Gv8] the default number of shards will change from [5] to [1] in 7.0.0; if you wish to continue using the default of [5] shards, you must manage this on the create index request or with an index template
[2020-02-11T14:39:33,462][WARN ][o.e.d.c.m.MetaDataCreateIndexService] [OAd4Gv8] the default number of shards will change from [5] to [1] in 7.0.0; if you wish to continue using the default of [5] shards, you must manage this on the create index request or with an index template
[2020-02-11T14:40:27,755][WARN ][o.e.d.c.m.MetaDataCreateIndexService] [OAd4Gv8] the default number of shards will change from [5] to [1] in 7.0.0; if you wish to continue using the default of [5] shards, you must manage this on the create index request or with an index template
[2020-02-11T14:41:15,128][WARN ][o.e.d.c.m.MetaDataCreateIndexService] [OAd4Gv8] the default number of shards will change from [5] to [1] in 7.0.0; if you wish to continue using the default of [5] shards, you must manage this on the create index request or with an index template
[2020-02-11T14:43:27,163][WARN ][o.e.d.c.m.MetaDataCreateIndexService] [OAd4Gv8] the default number of shards will change from [5] to [1] in 7.0.0; if you wish to continue using the default of [5] shards, you must manage this on the create index request or with an index template
[2020-02-11T14:43:56,966][WARN ][o.e.d.c.m.MetaDataCreateIndexService] [OAd4Gv8] the default number of shards will change from [5] to [1] in 7.0.0; if you wish to continue using the default of [5] shards, you must manage this on the create index request or with an index template
[2020-02-11T14:50:12,417][WARN ][o.e.d.c.m.MetaDataCreateIndexService] [OAd4Gv8] the default number of shards will change from [5] to [1] in 7.0.0; if you wish to continue using the default of [5] shards, you must manage this on the create index request or with an index template
[2020-02-11T14:53:15,214][WARN ][o.e.d.c.m.MetaDataCreateIndexService] [OAd4Gv8] the default number of shards will change from [5] to [1] in 7.0.0; if you wish to continue using the default of [5] shards, you must manage this on the create index request or with an index template
[2020-02-11T14:58:00,829][WARN ][o.e.d.c.m.MetaDataCreateIndexService] [OAd4Gv8] the default number of shards will change from [5] to [1] in 7.0.0; if you wish to continue using the default of [5] shards, you must manage this on the create index request or with an index template
[2020-02-11T14:59:49,929][WARN ][o.e.d.c.m.MetaDataCreateIndexService] [OAd4Gv8] the default number of shards will change from [5] to [1] in 7.0.0; if you wish to continue using the default of [5] shards, you must manage this on the create index request or with an index template
[2020-02-11T15:04:00,605][WARN ][o.e.d.c.m.MetaDataCreateIndexService] [OAd4Gv8] the default number of shards will change from [5] to [1] in 7.0.0; if you wish to continue using the default of [5] shards, you must manage this on the create index request or with an index template
[2020-02-11T15:04:21,596][WARN ][o.e.d.c.m.MetaDataCreateIndexService] [OAd4Gv8] the default number of shards will change from [5] to [1] in 7.0.0; if you wish to continue using the default of [5] shards, you must manage this on the create index request or with an index template
[2020-02-11T15:09:15,103][WARN ][o.e.d.c.m.MetaDataCreateIndexService] [OAd4Gv8] the default number of shards will change from [5] to [1] in 7.0.0; if you wish to continue using the default of [5] shards, you must manage this on the create index request or with an index template
[2020-02-11T15:11:06,336][WARN ][o.e.d.c.m.MetaDataCreateIndexService] [OAd4Gv8] the default number of shards will change from [5] to [1] in 7.0.0; if you wish to continue using the default of [5] shards, you must manage this on the create index request or with an index template
[2020-02-11T16:05:31,245][WARN ][o.e.d.c.m.MetaDataCreateIndexService] [OAd4Gv8] the default number of shards will change from [5] to [1] in 7.0.0; if you wish to continue using the default of [5] shards, you must manage this on the create index request or with an index template
[2020-02-11T17:01:38,729][WARN ][o.e.d.c.m.MetaDataCreateIndexService] [OAd4Gv8] the default number of shards will change from [5] to [1] in 7.0.0; if you wish to continue using the default of [5] shards, you must manage this on the create index request or with an index template
[2020-02-11T17:05:00,211][WARN ][o.e.d.c.m.MetaDataCreateIndexService] [OAd4Gv8] the default number of shards will change from [5] to [1] in 7.0.0; if you wish to continue using the default of [5] shards, you must manage this on the create index request or with an index template
[2020-02-12T01:04:07,094][WARN ][o.e.d.r.a.a.i.RestPutMappingAction] [OAd4Gv8] [types removal] The parameter include_type_name should be explicitly specified in create index requests to prepare for 7.0. In 7.0 include_type_name will default to 'false', and requests are expected to omit the type name in mapping definitions.
[2020-02-12T10:21:54,787][WARN ][o.e.d.c.m.MetaDataCreateIndexService] [OAd4Gv8] the default number of shards will change from [5] to [1] in 7.0.0; if you wish to continue using the default of [5] shards, you must manage this on the create index request or with an index template
[2020-02-12T10:22:56,768][WARN ][o.e.d.c.m.MetaDataCreateIndexService] [OAd4Gv8] the default number of shards will change from [5] to [1] in 7.0.0; if you wish to continue using the default of [5] shards, you must manage this on the create index request or with an index template
[2020-02-12T10:44:20,480][WARN ][o.e.d.s.b.SearchSourceBuilder] [OAd4Gv8] Found extra tokens after the _search request body, an error will be thrown in the next major version
[2020-02-25T14:43:48,289][WARN ][o.e.d.r.a.a.i.RestPutMappingAction] [OAd4Gv8] [types removal] The parameter include_type_name should be explicitly specified in create index requests to prepare for 7.0. In 7.0 include_type_name will default to 'false', and requests are expected to omit the type name in mapping definitions.
[2020-02-25T14:43:48,324][WARN ][o.e.d.c.m.MetaDataCreateIndexService] [OAd4Gv8] the default number of shards will change from [5] to [1] in 7.0.0; if you wish to continue using the default of [5] shards, you must manage this on the create index request or with an index template
[2020-02-25T15:18:55,536][WARN ][o.e.d.c.m.MetaDataCreateIndexService] [OAd4Gv8] the default number of shards will change from [5] to [1] in 7.0.0; if you wish to continue using the default of [5] shards, you must manage this on the create index request or with an index template
[2020-02-26T10:38:18,451][WARN ][o.e.d.r.a.a.i.RestPutMappingAction] [OAd4Gv8] [types removal] The parameter include_type_name should be explicitly specified in create index requests to prepare for 7.0. In 7.0 include_type_name will default to 'false', and requests are expected to omit the type name in mapping definitions.
[2020-02-26T10:38:18,521][WARN ][o.e.d.c.m.MetaDataCreateIndexService] [OAd4Gv8] the default number of shards will change from [5] to [1] in 7.0.0; if you wish to continue using the default of [5] shards, you must manage this on the create index request or with an index template
[2020-02-26T12:43:54,173][WARN ][o.e.d.s.b.SearchSourceBuilder] [OAd4Gv8] Found extra tokens after the _search request body, an error will be thrown in the next major version
